\BOOKMARK [0][-]{chapter.1}{\376\377\0001\000\040\000N\000a\000m\000e\000s\000p\000a\000c\000e\000\040\000I\000n\000d\000e\000x}{}% 1
\BOOKMARK [1][-]{section.1.1}{\376\377\0001\000.\0001\000\040\000P\000a\000c\000k\000a\000g\000e\000s}{chapter.1}% 2
\BOOKMARK [0][-]{chapter.2}{\376\377\0002\000\040\000H\000i\000e\000r\000a\000r\000c\000h\000i\000c\000a\000l\000\040\000I\000n\000d\000e\000x}{}% 3
\BOOKMARK [1][-]{section.2.1}{\376\377\0002\000.\0001\000\040\000C\000l\000a\000s\000s\000\040\000H\000i\000e\000r\000a\000r\000c\000h\000y}{chapter.2}% 4
\BOOKMARK [0][-]{chapter.3}{\376\377\0003\000\040\000C\000l\000a\000s\000s\000\040\000I\000n\000d\000e\000x}{}% 5
\BOOKMARK [1][-]{section.3.1}{\376\377\0003\000.\0001\000\040\000C\000l\000a\000s\000s\000\040\000L\000i\000s\000t}{chapter.3}% 6
\BOOKMARK [0][-]{chapter.4}{\376\377\0004\000\040\000F\000i\000l\000e\000\040\000I\000n\000d\000e\000x}{}% 7
\BOOKMARK [1][-]{section.4.1}{\376\377\0004\000.\0001\000\040\000F\000i\000l\000e\000\040\000L\000i\000s\000t}{chapter.4}% 8
\BOOKMARK [0][-]{chapter.5}{\376\377\0005\000\040\000N\000a\000m\000e\000s\000p\000a\000c\000e\000\040\000D\000o\000c\000u\000m\000e\000n\000t\000a\000t\000i\000o\000n}{}% 9
\BOOKMARK [1][-]{section.5.1}{\376\377\0005\000.\0001\000\040\000R\000o\000w\000i\000n\000g\000M\000o\000n\000i\000t\000o\000r\000\040\000N\000a\000m\000e\000s\000p\000a\000c\000e\000\040\000R\000e\000f\000e\000r\000e\000n\000c\000e}{chapter.5}% 10
\BOOKMARK [1][-]{section.5.2}{\376\377\0005\000.\0002\000\040\000R\000o\000w\000i\000n\000g\000M\000o\000n\000i\000t\000o\000r\000.\000M\000o\000d\000e\000l\000\040\000N\000a\000m\000e\000s\000p\000a\000c\000e\000\040\000R\000e\000f\000e\000r\000e\000n\000c\000e}{chapter.5}% 11
\BOOKMARK [1][-]{section.5.3}{\376\377\0005\000.\0003\000\040\000R\000o\000w\000i\000n\000g\000M\000o\000n\000i\000t\000o\000r\000.\000M\000o\000d\000e\000l\000.\000P\000i\000p\000e\000l\000i\000n\000e\000\040\000N\000a\000m\000e\000s\000p\000a\000c\000e\000\040\000R\000e\000f\000e\000r\000e\000n\000c\000e}{chapter.5}% 12
\BOOKMARK [1][-]{section.5.4}{\376\377\0005\000.\0004\000\040\000R\000o\000w\000i\000n\000g\000M\000o\000n\000i\000t\000o\000r\000.\000M\000o\000d\000e\000l\000.\000U\000t\000i\000l\000\040\000N\000a\000m\000e\000s\000p\000a\000c\000e\000\040\000R\000e\000f\000e\000r\000e\000n\000c\000e}{chapter.5}% 13
\BOOKMARK [2][-]{subsection.5.4.1}{\376\377\0005\000.\0004\000.\0001\000\040\000E\000n\000u\000m\000e\000r\000a\000t\000i\000o\000n\000\040\000T\000y\000p\000e\000\040\000D\000o\000c\000u\000m\000e\000n\000t\000a\000t\000i\000o\000n}{section.5.4}% 14
\BOOKMARK [3][-]{subsubsection.5.4.1.1}{\376\377\0005\000.\0004\000.\0001\000.\0001\000\040\000D\000a\000t\000a\000S\000t\000r\000e\000a\000m\000T\000y\000p\000e}{subsection.5.4.1}% 15
\BOOKMARK [3][-]{subsubsection.5.4.1.2}{\376\377\0005\000.\0004\000.\0001\000.\0002\000\040\000H\000i\000t\000T\000y\000p\000e}{subsection.5.4.1}% 16
\BOOKMARK [3][-]{subsubsection.5.4.1.3}{\376\377\0005\000.\0004\000.\0001\000.\0003\000\040\000K\000l\000e\000s\000h\000n\000e\000v\000V\000e\000l\000o\000c\000i\000t\000y\000T\000y\000p\000e}{subsection.5.4.1}% 17
\BOOKMARK [3][-]{subsubsection.5.4.1.4}{\376\377\0005\000.\0004\000.\0001\000.\0004\000\040\000S\000u\000b\000s\000e\000q\000u\000e\000n\000c\000e\000S\000t\000a\000t\000u\000s}{subsection.5.4.1}% 18
\BOOKMARK [1][-]{section.5.5}{\376\377\0005\000.\0005\000\040\000R\000o\000w\000i\000n\000g\000M\000o\000n\000i\000t\000o\000r\000.\000P\000r\000o\000p\000e\000r\000t\000i\000e\000s\000\040\000N\000a\000m\000e\000s\000p\000a\000c\000e\000\040\000R\000e\000f\000e\000r\000e\000n\000c\000e}{chapter.5}% 19
\BOOKMARK [1][-]{section.5.6}{\376\377\0005\000.\0006\000\040\000R\000o\000w\000i\000n\000g\000M\000o\000n\000i\000t\000o\000r\000.\000V\000i\000e\000w\000M\000o\000d\000e\000l\000\040\000N\000a\000m\000e\000s\000p\000a\000c\000e\000\040\000R\000e\000f\000e\000r\000e\000n\000c\000e}{chapter.5}% 20
\BOOKMARK [1][-]{section.5.7}{\376\377\0005\000.\0007\000\040\000X\000a\000m\000l\000G\000e\000n\000e\000r\000a\000t\000e\000d\000N\000a\000m\000e\000s\000p\000a\000c\000e\000\040\000N\000a\000m\000e\000s\000p\000a\000c\000e\000\040\000R\000e\000f\000e\000r\000e\000n\000c\000e}{chapter.5}% 21
\BOOKMARK [0][-]{chapter.6}{\376\377\0006\000\040\000C\000l\000a\000s\000s\000\040\000D\000o\000c\000u\000m\000e\000n\000t\000a\000t\000i\000o\000n}{}% 22
\BOOKMARK [1][-]{section.6.1}{\376\377\0006\000.\0001\000\040\000R\000o\000w\000i\000n\000g\000M\000o\000n\000i\000t\000o\000r\000.\000A\000p\000p\000\040\000C\000l\000a\000s\000s\000\040\000R\000e\000f\000e\000r\000e\000n\000c\000e}{chapter.6}% 23
\BOOKMARK [2][-]{subsection.6.1.1}{\376\377\0006\000.\0001\000.\0001\000\040\000D\000e\000t\000a\000i\000l\000e\000d\000\040\000D\000e\000s\000c\000r\000i\000p\000t\000i\000o\000n}{section.6.1}% 24
\BOOKMARK [2][-]{subsection.6.1.2}{\376\377\0006\000.\0001\000.\0002\000\040\000M\000e\000m\000b\000e\000r\000\040\000F\000u\000n\000c\000t\000i\000o\000n\000\040\000D\000o\000c\000u\000m\000e\000n\000t\000a\000t\000i\000o\000n}{section.6.1}% 25
\BOOKMARK [3][-]{subsubsection.6.1.2.1}{\376\377\0006\000.\0001\000.\0002\000.\0001\000\040\000I\000n\000i\000t\000i\000a\000l\000i\000z\000e\000C\000o\000m\000p\000o\000n\000e\000n\000t\000\050\000\051\000\040\000[\0001\000/\0004\000]}{subsection.6.1.2}% 26
\BOOKMARK [3][-]{subsubsection.6.1.2.2}{\376\377\0006\000.\0001\000.\0002\000.\0002\000\040\000I\000n\000i\000t\000i\000a\000l\000i\000z\000e\000C\000o\000m\000p\000o\000n\000e\000n\000t\000\050\000\051\000\040\000[\0002\000/\0004\000]}{subsection.6.1.2}% 27
\BOOKMARK [3][-]{subsubsection.6.1.2.3}{\376\377\0006\000.\0001\000.\0002\000.\0003\000\040\000I\000n\000i\000t\000i\000a\000l\000i\000z\000e\000C\000o\000m\000p\000o\000n\000e\000n\000t\000\050\000\051\000\040\000[\0003\000/\0004\000]}{subsection.6.1.2}% 28
\BOOKMARK [3][-]{subsubsection.6.1.2.4}{\376\377\0006\000.\0001\000.\0002\000.\0004\000\040\000I\000n\000i\000t\000i\000a\000l\000i\000z\000e\000C\000o\000m\000p\000o\000n\000e\000n\000t\000\050\000\051\000\040\000[\0004\000/\0004\000]}{subsection.6.1.2}% 29
\BOOKMARK [3][-]{subsubsection.6.1.2.5}{\376\377\0006\000.\0001\000.\0002\000.\0005\000\040\000M\000a\000i\000n\000\050\000\051\000\040\000[\0001\000/\0004\000]}{subsection.6.1.2}% 30
\BOOKMARK [3][-]{subsubsection.6.1.2.6}{\376\377\0006\000.\0001\000.\0002\000.\0006\000\040\000M\000a\000i\000n\000\050\000\051\000\040\000[\0002\000/\0004\000]}{subsection.6.1.2}% 31
\BOOKMARK [3][-]{subsubsection.6.1.2.7}{\376\377\0006\000.\0001\000.\0002\000.\0007\000\040\000M\000a\000i\000n\000\050\000\051\000\040\000[\0003\000/\0004\000]}{subsection.6.1.2}% 32
\BOOKMARK [3][-]{subsubsection.6.1.2.8}{\376\377\0006\000.\0001\000.\0002\000.\0008\000\040\000M\000a\000i\000n\000\050\000\051\000\040\000[\0004\000/\0004\000]}{subsection.6.1.2}% 33
\BOOKMARK [1][-]{section.6.2}{\376\377\0006\000.\0002\000\040\000R\000o\000w\000i\000n\000g\000M\000o\000n\000i\000t\000o\000r\000.\000M\000o\000d\000e\000l\000.\000B\000o\000d\000y\000N\000o\000t\000F\000u\000l\000l\000y\000T\000r\000a\000c\000k\000e\000d\000E\000x\000c\000e\000p\000t\000i\000o\000n\000\040\000C\000l\000a\000s\000s\000\040\000R\000e\000f\000e\000r\000e\000n\000c\000e}{chapter.6}% 34
\BOOKMARK [1][-]{section.6.3}{\376\377\0006\000.\0003\000\040\000R\000o\000w\000i\000n\000g\000M\000o\000n\000i\000t\000o\000r\000.\000M\000o\000d\000e\000l\000.\000C\000a\000l\000c\000u\000l\000a\000t\000e\000d\000F\000r\000a\000m\000e\000A\000r\000r\000i\000v\000e\000d\000E\000v\000e\000n\000t\000A\000r\000g\000s\000\040\000C\000l\000a\000s\000s\000\040\000R\000e\000f\000e\000r\000e\000n\000c\000e}{chapter.6}% 35
\BOOKMARK [2][-]{subsection.6.3.1}{\376\377\0006\000.\0003\000.\0001\000\040\000D\000e\000t\000a\000i\000l\000e\000d\000\040\000D\000e\000s\000c\000r\000i\000p\000t\000i\000o\000n}{section.6.3}% 36
\BOOKMARK [2][-]{subsection.6.3.2}{\376\377\0006\000.\0003\000.\0002\000\040\000C\000o\000n\000s\000t\000r\000u\000c\000t\000o\000r\000\040\000\046\000\040\000D\000e\000s\000t\000r\000u\000c\000t\000o\000r\000\040\000D\000o\000c\000u\000m\000e\000n\000t\000a\000t\000i\000o\000n}{section.6.3}% 37
\BOOKMARK [3][-]{subsubsection.6.3.2.1}{\376\377\0006\000.\0003\000.\0002\000.\0001\000\040\000C\000a\000l\000c\000u\000l\000a\000t\000e\000d\000F\000r\000a\000m\000e\000A\000r\000r\000i\000v\000e\000d\000E\000v\000e\000n\000t\000A\000r\000g\000s\000\050\000\051}{subsection.6.3.2}% 38
\BOOKMARK [2][-]{subsection.6.3.3}{\376\377\0006\000.\0003\000.\0003\000\040\000P\000r\000o\000p\000e\000r\000t\000y\000\040\000D\000o\000c\000u\000m\000e\000n\000t\000a\000t\000i\000o\000n}{section.6.3}% 39
\BOOKMARK [3][-]{subsubsection.6.3.3.1}{\376\377\0006\000.\0003\000.\0003\000.\0001\000\040\000C\000a\000l\000c\000u\000l\000a\000t\000e\000d\000J\000o\000i\000n\000t\000D\000a\000t\000a}{subsection.6.3.3}% 40
\BOOKMARK [1][-]{section.6.4}{\376\377\0006\000.\0004\000\040\000R\000o\000w\000i\000n\000g\000M\000o\000n\000i\000t\000o\000r\000.\000M\000o\000d\000e\000l\000.\000C\000o\000l\000o\000r\000F\000r\000a\000m\000e\000A\000r\000r\000i\000v\000e\000d\000E\000v\000e\000n\000t\000A\000r\000g\000s\000\040\000C\000l\000a\000s\000s\000\040\000R\000e\000f\000e\000r\000e\000n\000c\000e}{chapter.6}% 41
\BOOKMARK [2][-]{subsection.6.4.1}{\376\377\0006\000.\0004\000.\0001\000\040\000D\000e\000t\000a\000i\000l\000e\000d\000\040\000D\000e\000s\000c\000r\000i\000p\000t\000i\000o\000n}{section.6.4}% 42
\BOOKMARK [2][-]{subsection.6.4.2}{\376\377\0006\000.\0004\000.\0002\000\040\000C\000o\000n\000s\000t\000r\000u\000c\000t\000o\000r\000\040\000\046\000\040\000D\000e\000s\000t\000r\000u\000c\000t\000o\000r\000\040\000D\000o\000c\000u\000m\000e\000n\000t\000a\000t\000i\000o\000n}{section.6.4}% 43
\BOOKMARK [3][-]{subsubsection.6.4.2.1}{\376\377\0006\000.\0004\000.\0002\000.\0001\000\040\000C\000o\000l\000o\000r\000F\000r\000a\000m\000e\000A\000r\000r\000i\000v\000e\000d\000E\000v\000e\000n\000t\000A\000r\000g\000s\000\050\000\051}{subsection.6.4.2}% 44
\BOOKMARK [2][-]{subsection.6.4.3}{\376\377\0006\000.\0004\000.\0003\000\040\000P\000r\000o\000p\000e\000r\000t\000y\000\040\000D\000o\000c\000u\000m\000e\000n\000t\000a\000t\000i\000o\000n}{section.6.4}% 45
\BOOKMARK [3][-]{subsubsection.6.4.3.1}{\376\377\0006\000.\0004\000.\0003\000.\0001\000\040\000C\000o\000l\000o\000r\000B\000i\000t\000m\000a\000p}{subsection.6.4.3}% 46
\BOOKMARK [1][-]{section.6.5}{\376\377\0006\000.\0005\000\040\000R\000o\000w\000i\000n\000g\000M\000o\000n\000i\000t\000o\000r\000.\000M\000o\000d\000e\000l\000.\000P\000i\000p\000e\000l\000i\000n\000e\000.\000D\000T\000W\000S\000e\000g\000m\000e\000n\000t\000D\000e\000t\000e\000c\000t\000o\000r\000\040\000C\000l\000a\000s\000s\000\040\000R\000e\000f\000e\000r\000e\000n\000c\000e}{chapter.6}% 47
\BOOKMARK [2][-]{subsection.6.5.1}{\376\377\0006\000.\0005\000.\0001\000\040\000C\000o\000n\000s\000t\000r\000u\000c\000t\000o\000r\000\040\000\046\000\040\000D\000e\000s\000t\000r\000u\000c\000t\000o\000r\000\040\000D\000o\000c\000u\000m\000e\000n\000t\000a\000t\000i\000o\000n}{section.6.5}% 48
\BOOKMARK [3][-]{subsubsection.6.5.1.1}{\376\377\0006\000.\0005\000.\0001\000.\0001\000\040\000D\000T\000W\000S\000e\000g\000m\000e\000n\000t\000D\000e\000t\000e\000c\000t\000o\000r\000\050\000\051}{subsection.6.5.1}% 49
\BOOKMARK [2][-]{subsection.6.5.2}{\376\377\0006\000.\0005\000.\0002\000\040\000M\000e\000m\000b\000e\000r\000\040\000F\000u\000n\000c\000t\000i\000o\000n\000\040\000D\000o\000c\000u\000m\000e\000n\000t\000a\000t\000i\000o\000n}{section.6.5}% 50
\BOOKMARK [3][-]{subsubsection.6.5.2.1}{\376\377\0006\000.\0005\000.\0002\000.\0001\000\040\000O\000n\000S\000e\000g\000m\000e\000n\000t\000D\000e\000t\000e\000c\000t\000e\000d\000\050\000\051}{subsection.6.5.2}% 51
\BOOKMARK [3][-]{subsubsection.6.5.2.2}{\376\377\0006\000.\0005\000.\0002\000.\0002\000\040\000U\000p\000d\000a\000t\000e\000\050\000\051}{subsection.6.5.2}% 52
\BOOKMARK [1][-]{section.6.6}{\376\377\0006\000.\0006\000\040\000R\000o\000w\000i\000n\000g\000M\000o\000n\000i\000t\000o\000r\000.\000M\000o\000d\000e\000l\000.\000P\000i\000p\000e\000l\000i\000n\000e\000.\000K\000i\000n\000e\000c\000t\000J\000o\000i\000n\000t\000F\000i\000l\000t\000e\000r\000.\000F\000i\000l\000t\000e\000r\000D\000o\000u\000b\000l\000e\000E\000x\000p\000o\000n\000e\000n\000t\000i\000a\000l\000D\000a\000t\000a\000\040\000C\000l\000a\000s\000s\000\040\000R\000e\000f\000e\000r\000e\000n\000c\000e}{chapter.6}% 53
\BOOKMARK [2][-]{subsection.6.6.1}{\376\377\0006\000.\0006\000.\0001\000\040\000M\000e\000m\000b\000e\000r\000\040\000D\000a\000t\000a\000\040\000D\000o\000c\000u\000m\000e\000n\000t\000a\000t\000i\000o\000n}{section.6.6}% 54
\BOOKMARK [3][-]{subsubsection.6.6.1.1}{\376\377\0006\000.\0006\000.\0001\000.\0001\000\040\000m\000\137\000d\000w\000F\000r\000a\000m\000e\000C\000o\000u\000n\000t}{subsection.6.6.1}% 55
\BOOKMARK [3][-]{subsubsection.6.6.1.2}{\376\377\0006\000.\0006\000.\0001\000.\0002\000\040\000m\000\137\000v\000F\000i\000l\000t\000e\000r\000e\000d\000P\000o\000s\000i\000t\000i\000o\000n}{subsection.6.6.1}% 56
\BOOKMARK [3][-]{subsubsection.6.6.1.3}{\376\377\0006\000.\0006\000.\0001\000.\0003\000\040\000m\000\137\000v\000R\000a\000w\000P\000o\000s\000i\000t\000i\000o\000n}{subsection.6.6.1}% 57
\BOOKMARK [3][-]{subsubsection.6.6.1.4}{\376\377\0006\000.\0006\000.\0001\000.\0004\000\040\000m\000\137\000v\000T\000r\000e\000n\000d}{subsection.6.6.1}% 58
\BOOKMARK [1][-]{section.6.7}{\376\377\0006\000.\0007\000\040\000R\000o\000w\000i\000n\000g\000M\000o\000n\000i\000t\000o\000r\000.\000M\000o\000d\000e\000l\000.\000F\000r\000o\000n\000t\000a\000l\000V\000i\000e\000w\000\040\000C\000l\000a\000s\000s\000\040\000R\000e\000f\000e\000r\000e\000n\000c\000e}{chapter.6}% 59
\BOOKMARK [2][-]{subsection.6.7.1}{\376\377\0006\000.\0007\000.\0001\000\040\000D\000e\000t\000a\000i\000l\000e\000d\000\040\000D\000e\000s\000c\000r\000i\000p\000t\000i\000o\000n}{section.6.7}% 60
\BOOKMARK [2][-]{subsection.6.7.2}{\376\377\0006\000.\0007\000.\0002\000\040\000C\000o\000n\000s\000t\000r\000u\000c\000t\000o\000r\000\040\000\046\000\040\000D\000e\000s\000t\000r\000u\000c\000t\000o\000r\000\040\000D\000o\000c\000u\000m\000e\000n\000t\000a\000t\000i\000o\000n}{section.6.7}% 61
\BOOKMARK [3][-]{subsubsection.6.7.2.1}{\376\377\0006\000.\0007\000.\0002\000.\0001\000\040\000F\000r\000o\000n\000t\000a\000l\000V\000i\000e\000w\000\050\000\051}{subsection.6.7.2}% 62
\BOOKMARK [2][-]{subsection.6.7.3}{\376\377\0006\000.\0007\000.\0003\000\040\000M\000e\000m\000b\000e\000r\000\040\000F\000u\000n\000c\000t\000i\000o\000n\000\040\000D\000o\000c\000u\000m\000e\000n\000t\000a\000t\000i\000o\000n}{section.6.7}% 63
\BOOKMARK [3][-]{subsubsection.6.7.3.1}{\376\377\0006\000.\0007\000.\0003\000.\0001\000\040\000D\000r\000a\000w\000B\000o\000d\000y\000\050\000\051}{subsection.6.7.3}% 64
\BOOKMARK [3][-]{subsubsection.6.7.3.2}{\376\377\0006\000.\0007\000.\0003\000.\0002\000\040\000U\000p\000d\000a\000t\000e\000C\000o\000l\000o\000r\000I\000m\000a\000g\000e\000\050\000\051}{subsection.6.7.3}% 65
\BOOKMARK [3][-]{subsubsection.6.7.3.3}{\376\377\0006\000.\0007\000.\0003\000.\0003\000\040\000U\000p\000d\000a\000t\000e\000S\000k\000e\000l\000e\000t\000o\000n\000\050\000\051}{subsection.6.7.3}% 66
\BOOKMARK [2][-]{subsection.6.7.4}{\376\377\0006\000.\0007\000.\0004\000\040\000M\000e\000m\000b\000e\000r\000\040\000D\000a\000t\000a\000\040\000D\000o\000c\000u\000m\000e\000n\000t\000a\000t\000i\000o\000n}{section.6.7}% 67
\BOOKMARK [3][-]{subsubsection.6.7.4.1}{\376\377\0006\000.\0007\000.\0004\000.\0001\000\040\000b\000o\000d\000y\000C\000o\000l\000o\000r\000s}{subsection.6.7.4}% 68
\BOOKMARK [3][-]{subsubsection.6.7.4.2}{\376\377\0006\000.\0007\000.\0004\000.\0002\000\040\000c\000o\000o\000r\000d\000i\000n\000a\000t\000e\000M\000a\000p\000p\000e\000r}{subsection.6.7.4}% 69
\BOOKMARK [3][-]{subsubsection.6.7.4.3}{\376\377\0006\000.\0007\000.\0004\000.\0003\000\040\000d\000i\000s\000p\000l\000a\000y\000H\000e\000i\000g\000h\000t}{subsection.6.7.4}% 70
\BOOKMARK [3][-]{subsubsection.6.7.4.4}{\376\377\0006\000.\0007\000.\0004\000.\0004\000\040\000d\000i\000s\000p\000l\000a\000y\000W\000i\000d\000t\000h}{subsection.6.7.4}% 71
\BOOKMARK [3][-]{subsubsection.6.7.4.5}{\376\377\0006\000.\0007\000.\0004\000.\0005\000\040\000I\000n\000f\000e\000r\000r\000e\000d\000Z\000P\000o\000s\000i\000t\000i\000o\000n\000C\000l\000a\000m\000p}{subsection.6.7.4}% 72
\BOOKMARK [3][-]{subsubsection.6.7.4.6}{\376\377\0006\000.\0007\000.\0004\000.\0006\000\040\000J\000o\000i\000n\000t\000T\000h\000i\000c\000k\000n\000e\000s\000s}{subsection.6.7.4}% 73
\BOOKMARK [2][-]{subsection.6.7.5}{\376\377\0006\000.\0007\000.\0005\000\040\000P\000r\000o\000p\000e\000r\000t\000y\000\040\000D\000o\000c\000u\000m\000e\000n\000t\000a\000t\000i\000o\000n}{section.6.7}% 74
\BOOKMARK [3][-]{subsubsection.6.7.5.1}{\376\377\0006\000.\0007\000.\0005\000.\0001\000\040\000B\000o\000d\000y\000I\000m\000a\000g\000e\000S\000o\000u\000r\000c\000e}{subsection.6.7.5}% 75
\BOOKMARK [3][-]{subsubsection.6.7.5.2}{\376\377\0006\000.\0007\000.\0005\000.\0002\000\040\000C\000o\000l\000o\000r\000I\000m\000a\000g\000e\000S\000o\000u\000r\000c\000e}{subsection.6.7.5}% 76
\BOOKMARK [1][-]{section.6.8}{\376\377\0006\000.\0008\000\040\000X\000a\000m\000l\000G\000e\000n\000e\000r\000a\000t\000e\000d\000N\000a\000m\000e\000s\000p\000a\000c\000e\000.\000G\000e\000n\000e\000r\000a\000t\000e\000d\000I\000n\000t\000e\000r\000n\000a\000l\000T\000y\000p\000e\000H\000e\000l\000p\000e\000r\000\040\000C\000l\000a\000s\000s\000\040\000R\000e\000f\000e\000r\000e\000n\000c\000e}{chapter.6}% 77
\BOOKMARK [2][-]{subsection.6.8.1}{\376\377\0006\000.\0008\000.\0001\000\040\000D\000e\000t\000a\000i\000l\000e\000d\000\040\000D\000e\000s\000c\000r\000i\000p\000t\000i\000o\000n}{section.6.8}% 78
\BOOKMARK [2][-]{subsection.6.8.2}{\376\377\0006\000.\0008\000.\0002\000\040\000M\000e\000m\000b\000e\000r\000\040\000F\000u\000n\000c\000t\000i\000o\000n\000\040\000D\000o\000c\000u\000m\000e\000n\000t\000a\000t\000i\000o\000n}{section.6.8}% 79
\BOOKMARK [3][-]{subsubsection.6.8.2.1}{\376\377\0006\000.\0008\000.\0002\000.\0001\000\040\000A\000d\000d\000E\000v\000e\000n\000t\000H\000a\000n\000d\000l\000e\000r\000\050\000\051}{subsection.6.8.2}% 80
\BOOKMARK [3][-]{subsubsection.6.8.2.2}{\376\377\0006\000.\0008\000.\0002\000.\0002\000\040\000C\000r\000e\000a\000t\000e\000D\000e\000l\000e\000g\000a\000t\000e\000\050\000\051}{subsection.6.8.2}% 81
\BOOKMARK [3][-]{subsubsection.6.8.2.3}{\376\377\0006\000.\0008\000.\0002\000.\0003\000\040\000C\000r\000e\000a\000t\000e\000I\000n\000s\000t\000a\000n\000c\000e\000\050\000\051}{subsection.6.8.2}% 82
\BOOKMARK [3][-]{subsubsection.6.8.2.4}{\376\377\0006\000.\0008\000.\0002\000.\0004\000\040\000G\000e\000t\000P\000r\000o\000p\000e\000r\000t\000y\000V\000a\000l\000u\000e\000\050\000\051}{subsection.6.8.2}% 83
\BOOKMARK [3][-]{subsubsection.6.8.2.5}{\376\377\0006\000.\0008\000.\0002\000.\0005\000\040\000S\000e\000t\000P\000r\000o\000p\000e\000r\000t\000y\000V\000a\000l\000u\000e\000\050\000\051}{subsection.6.8.2}% 84
\BOOKMARK [1][-]{section.6.9}{\376\377\0006\000.\0009\000\040\000R\000o\000w\000i\000n\000g\000M\000o\000n\000i\000t\000o\000r\000.\000M\000o\000d\000e\000l\000.\000U\000t\000i\000l\000.\000J\000o\000i\000n\000t\000D\000a\000t\000a\000\040\000S\000t\000r\000u\000c\000t\000\040\000R\000e\000f\000e\000r\000e\000n\000c\000e}{chapter.6}% 85
\BOOKMARK [2][-]{subsection.6.9.1}{\376\377\0006\000.\0009\000.\0001\000\040\000P\000r\000o\000p\000e\000r\000t\000y\000\040\000D\000o\000c\000u\000m\000e\000n\000t\000a\000t\000i\000o\000n}{section.6.9}% 86
\BOOKMARK [3][-]{subsubsection.6.9.1.1}{\376\377\0006\000.\0009\000.\0001\000.\0001\000\040\000A\000b\000s\000T\000i\000m\000e\000s\000t\000a\000m\000p}{subsection.6.9.1}% 87
\BOOKMARK [3][-]{subsubsection.6.9.1.2}{\376\377\0006\000.\0009\000.\0001\000.\0002\000\040\000I\000n\000d\000e\000x}{subsection.6.9.1}% 88
\BOOKMARK [3][-]{subsubsection.6.9.1.3}{\376\377\0006\000.\0009\000.\0001\000.\0003\000\040\000J\000o\000i\000n\000t\000s}{subsection.6.9.1}% 89
\BOOKMARK [3][-]{subsubsection.6.9.1.4}{\376\377\0006\000.\0009\000.\0001\000.\0004\000\040\000R\000e\000l\000T\000i\000m\000e\000s\000t\000a\000m\000p}{subsection.6.9.1}% 90
\BOOKMARK [3][-]{subsubsection.6.9.1.5}{\376\377\0006\000.\0009\000.\0001\000.\0005\000\040\000T\000i\000m\000e\000s\000t\000a\000m\000p\000s}{subsection.6.9.1}% 91
\BOOKMARK [1][-]{section.6.10}{\376\377\0006\000.\0001\0000\000\040\000R\000o\000w\000i\000n\000g\000M\000o\000n\000i\000t\000o\000r\000.\000M\000o\000d\000e\000l\000.\000U\000t\000i\000l\000.\000K\000i\000n\000e\000c\000t\000D\000a\000t\000a\000H\000a\000n\000d\000l\000e\000r\000\040\000C\000l\000a\000s\000s\000\040\000R\000e\000f\000e\000r\000e\000n\000c\000e}{chapter.6}% 92
\BOOKMARK [2][-]{subsection.6.10.1}{\376\377\0006\000.\0001\0000\000.\0001\000\040\000M\000e\000m\000b\000e\000r\000\040\000F\000u\000n\000c\000t\000i\000o\000n\000\040\000D\000o\000c\000u\000m\000e\000n\000t\000a\000t\000i\000o\000n}{section.6.10}% 93
\BOOKMARK [3][-]{subsubsection.6.10.1.1}{\376\377\0006\000.\0001\0000\000.\0001\000.\0001\000\040\000C\000r\000e\000a\000t\000e\000N\000e\000w\000J\000o\000i\000n\000t\000D\000a\000t\000a\000\050\000\051}{subsection.6.10.1}% 94
\BOOKMARK [3][-]{subsubsection.6.10.1.2}{\376\377\0006\000.\0001\0000\000.\0001\000.\0002\000\040\000G\000e\000t\000F\000i\000r\000s\000t\000T\000r\000a\000c\000k\000e\000d\000B\000o\000d\000y\000\050\000\051}{subsection.6.10.1}% 95
\BOOKMARK [3][-]{subsubsection.6.10.1.3}{\376\377\0006\000.\0001\0000\000.\0001\000.\0003\000\040\000R\000e\000p\000l\000a\000c\000e\000J\000o\000i\000n\000t\000s\000I\000n\000J\000o\000i\000n\000t\000D\000a\000t\000a\000\050\000\051}{subsection.6.10.1}% 96
\BOOKMARK [2][-]{subsection.6.10.2}{\376\377\0006\000.\0001\0000\000.\0002\000\040\000P\000r\000o\000p\000e\000r\000t\000y\000\040\000D\000o\000c\000u\000m\000e\000n\000t\000a\000t\000i\000o\000n}{section.6.10}% 97
\BOOKMARK [3][-]{subsubsection.6.10.2.1}{\376\377\0006\000.\0001\0000\000.\0002\000.\0001\000\040\000B\000o\000d\000i\000e\000s}{subsection.6.10.2}% 98
\BOOKMARK [3][-]{subsubsection.6.10.2.2}{\376\377\0006\000.\0001\0000\000.\0002\000.\0002\000\040\000I\000n\000s\000t\000a\000n\000c\000e}{subsection.6.10.2}% 99
\BOOKMARK [3][-]{subsubsection.6.10.2.3}{\376\377\0006\000.\0001\0000\000.\0002\000.\0003\000\040\000L\000a\000s\000t\000I\000n\000d\000e\000x}{subsection.6.10.2}% 100
\BOOKMARK [3][-]{subsubsection.6.10.2.4}{\376\377\0006\000.\0001\0000\000.\0002\000.\0004\000\040\000R\000e\000l\000S\000t\000a\000r\000t\000T\000i\000m\000e}{subsection.6.10.2}% 101
\BOOKMARK [1][-]{section.6.11}{\376\377\0006\000.\0001\0001\000\040\000R\000o\000w\000i\000n\000g\000M\000o\000n\000i\000t\000o\000r\000.\000M\000o\000d\000e\000l\000.\000K\000i\000n\000e\000c\000t\000F\000r\000a\000m\000e\000A\000r\000r\000i\000v\000e\000d\000E\000v\000e\000n\000t\000A\000r\000g\000s\000\040\000C\000l\000a\000s\000s\000\040\000R\000e\000f\000e\000r\000e\000n\000c\000e}{chapter.6}% 102
\BOOKMARK [2][-]{subsection.6.11.1}{\376\377\0006\000.\0001\0001\000.\0001\000\040\000D\000e\000t\000a\000i\000l\000e\000d\000\040\000D\000e\000s\000c\000r\000i\000p\000t\000i\000o\000n}{section.6.11}% 103
\BOOKMARK [2][-]{subsection.6.11.2}{\376\377\0006\000.\0001\0001\000.\0002\000\040\000C\000o\000n\000s\000t\000r\000u\000c\000t\000o\000r\000\040\000\046\000\040\000D\000e\000s\000t\000r\000u\000c\000t\000o\000r\000\040\000D\000o\000c\000u\000m\000e\000n\000t\000a\000t\000i\000o\000n}{section.6.11}% 104
\BOOKMARK [3][-]{subsubsection.6.11.2.1}{\376\377\0006\000.\0001\0001\000.\0002\000.\0001\000\040\000K\000i\000n\000e\000c\000t\000F\000r\000a\000m\000e\000A\000r\000r\000i\000v\000e\000d\000E\000v\000e\000n\000t\000A\000r\000g\000s\000\050\000\051}{subsection.6.11.2}% 105
\BOOKMARK [2][-]{subsection.6.11.3}{\376\377\0006\000.\0001\0001\000.\0003\000\040\000P\000r\000o\000p\000e\000r\000t\000y\000\040\000D\000o\000c\000u\000m\000e\000n\000t\000a\000t\000i\000o\000n}{section.6.11}% 106
\BOOKMARK [3][-]{subsubsection.6.11.3.1}{\376\377\0006\000.\0001\0001\000.\0003\000.\0001\000\040\000J\000o\000i\000n\000t\000D\000a\000t\000a}{subsection.6.11.3}% 107
\BOOKMARK [1][-]{section.6.12}{\376\377\0006\000.\0001\0002\000\040\000R\000o\000w\000i\000n\000g\000M\000o\000n\000i\000t\000o\000r\000.\000M\000o\000d\000e\000l\000.\000P\000i\000p\000e\000l\000i\000n\000e\000.\000K\000i\000n\000e\000c\000t\000J\000o\000i\000n\000t\000F\000i\000l\000t\000e\000r\000\040\000C\000l\000a\000s\000s\000\040\000R\000e\000f\000e\000r\000e\000n\000c\000e}{chapter.6}% 108
\BOOKMARK [2][-]{subsection.6.12.1}{\376\377\0006\000.\0001\0002\000.\0001\000\040\000D\000e\000t\000a\000i\000l\000e\000d\000\040\000D\000e\000s\000c\000r\000i\000p\000t\000i\000o\000n}{section.6.12}% 109
\BOOKMARK [2][-]{subsection.6.12.2}{\376\377\0006\000.\0001\0002\000.\0002\000\040\000C\000o\000n\000s\000t\000r\000u\000c\000t\000o\000r\000\040\000\046\000\040\000D\000e\000s\000t\000r\000u\000c\000t\000o\000r\000\040\000D\000o\000c\000u\000m\000e\000n\000t\000a\000t\000i\000o\000n}{section.6.12}% 110
\BOOKMARK [3][-]{subsubsection.6.12.2.1}{\376\377\0006\000.\0001\0002\000.\0002\000.\0001\000\040\000K\000i\000n\000e\000c\000t\000J\000o\000i\000n\000t\000F\000i\000l\000t\000e\000r\000\050\000\051}{subsection.6.12.2}% 111
\BOOKMARK [2][-]{subsection.6.12.3}{\376\377\0006\000.\0001\0002\000.\0003\000\040\000M\000e\000m\000b\000e\000r\000\040\000F\000u\000n\000c\000t\000i\000o\000n\000\040\000D\000o\000c\000u\000m\000e\000n\000t\000a\000t\000i\000o\000n}{section.6.12}% 112
\BOOKMARK [3][-]{subsubsection.6.12.3.1}{\376\377\0006\000.\0001\0002\000.\0003\000.\0001\000\040\000G\000e\000t\000F\000i\000l\000t\000e\000r\000e\000d\000J\000o\000i\000n\000t\000s\000\050\000\051}{subsection.6.12.3}% 113
\BOOKMARK [3][-]{subsubsection.6.12.3.2}{\376\377\0006\000.\0001\0002\000.\0003\000.\0002\000\040\000I\000n\000i\000t\000\050\000\051}{subsection.6.12.3}% 114
\BOOKMARK [3][-]{subsubsection.6.12.3.3}{\376\377\0006\000.\0001\0002\000.\0003\000.\0003\000\040\000R\000e\000s\000e\000t\000\050\000\051}{subsection.6.12.3}% 115
\BOOKMARK [3][-]{subsubsection.6.12.3.4}{\376\377\0006\000.\0001\0002\000.\0003\000.\0004\000\040\000S\000h\000u\000t\000d\000o\000w\000n\000\050\000\051}{subsection.6.12.3}% 116
\BOOKMARK [3][-]{subsubsection.6.12.3.5}{\376\377\0006\000.\0001\0002\000.\0003\000.\0005\000\040\000S\000m\000o\000o\000t\000h\000e\000d\000F\000r\000a\000m\000e\000A\000r\000r\000i\000v\000e\000d\000E\000v\000e\000n\000t\000H\000a\000n\000d\000l\000e\000r\000\050\000\051}{subsection.6.12.3}% 117
\BOOKMARK [3][-]{subsubsection.6.12.3.6}{\376\377\0006\000.\0001\0002\000.\0003\000.\0006\000\040\000U\000p\000d\000a\000t\000e\000F\000i\000l\000t\000e\000r\000\050\000\051}{subsection.6.12.3}% 118
\BOOKMARK [2][-]{subsection.6.12.4}{\376\377\0006\000.\0001\0002\000.\0004\000\040\000E\000v\000e\000n\000t\000\040\000D\000o\000c\000u\000m\000e\000n\000t\000a\000t\000i\000o\000n}{section.6.12}% 119
\BOOKMARK [3][-]{subsubsection.6.12.4.1}{\376\377\0006\000.\0001\0002\000.\0004\000.\0001\000\040\000S\000m\000o\000o\000t\000h\000e\000d\000F\000r\000a\000m\000e\000A\000r\000r\000i\000v\000e\000d}{subsection.6.12.4}% 120
\BOOKMARK [1][-]{section.6.13}{\376\377\0006\000.\0001\0003\000\040\000R\000o\000w\000i\000n\000g\000M\000o\000n\000i\000t\000o\000r\000.\000M\000o\000d\000e\000l\000.\000K\000i\000n\000e\000c\000t\000R\000e\000a\000d\000e\000r\000\040\000C\000l\000a\000s\000s\000\040\000R\000e\000f\000e\000r\000e\000n\000c\000e}{chapter.6}% 121
\BOOKMARK [2][-]{subsection.6.13.1}{\376\377\0006\000.\0001\0003\000.\0001\000\040\000D\000e\000t\000a\000i\000l\000e\000d\000\040\000D\000e\000s\000c\000r\000i\000p\000t\000i\000o\000n}{section.6.13}% 122
\BOOKMARK [2][-]{subsection.6.13.2}{\376\377\0006\000.\0001\0003\000.\0002\000\040\000M\000e\000m\000b\000e\000r\000\040\000F\000u\000n\000c\000t\000i\000o\000n\000\040\000D\000o\000c\000u\000m\000e\000n\000t\000a\000t\000i\000o\000n}{section.6.13}% 123
\BOOKMARK [3][-]{subsubsection.6.13.2.1}{\376\377\0006\000.\0001\0003\000.\0002\000.\0001\000\040\000C\000o\000l\000o\000r\000F\000r\000a\000m\000e\000A\000r\000r\000i\000v\000e\000d\000E\000v\000e\000n\000t\000H\000a\000n\000d\000l\000e\000r\000\050\000\051}{subsection.6.13.2}% 124
\BOOKMARK [3][-]{subsubsection.6.13.2.2}{\376\377\0006\000.\0001\0003\000.\0002\000.\0002\000\040\000K\000i\000n\000e\000c\000t\000F\000r\000a\000m\000e\000A\000r\000r\000i\000v\000e\000d\000E\000v\000e\000n\000t\000H\000a\000n\000d\000l\000e\000r\000\050\000\051}{subsection.6.13.2}% 125
\BOOKMARK [3][-]{subsubsection.6.13.2.3}{\376\377\0006\000.\0001\0003\000.\0002\000.\0003\000\040\000S\000t\000a\000r\000t\000R\000e\000a\000d\000e\000r\000\050\000\051}{subsection.6.13.2}% 126
\BOOKMARK [3][-]{subsubsection.6.13.2.4}{\376\377\0006\000.\0001\0003\000.\0002\000.\0004\000\040\000S\000t\000o\000p\000R\000e\000a\000d\000e\000r\000\050\000\051}{subsection.6.13.2}% 127
\BOOKMARK [2][-]{subsection.6.13.3}{\376\377\0006\000.\0001\0003\000.\0003\000\040\000P\000r\000o\000p\000e\000r\000t\000y\000\040\000D\000o\000c\000u\000m\000e\000n\000t\000a\000t\000i\000o\000n}{section.6.13}% 128
\BOOKMARK [3][-]{subsubsection.6.13.3.1}{\376\377\0006\000.\0001\0003\000.\0003\000.\0001\000\040\000C\000o\000o\000r\000d\000i\000n\000a\000t\000e\000M\000a\000p\000p\000e\000r}{subsection.6.13.3}% 129
\BOOKMARK [3][-]{subsubsection.6.13.3.2}{\376\377\0006\000.\0001\0003\000.\0003\000.\0002\000\040\000D\000i\000s\000p\000l\000a\000y\000H\000e\000i\000g\000h\000t}{subsection.6.13.3}% 130
\BOOKMARK [3][-]{subsubsection.6.13.3.3}{\376\377\0006\000.\0001\0003\000.\0003\000.\0003\000\040\000D\000i\000s\000p\000l\000a\000y\000W\000i\000d\000t\000h}{subsection.6.13.3}% 131
\BOOKMARK [3][-]{subsubsection.6.13.3.4}{\376\377\0006\000.\0001\0003\000.\0003\000.\0004\000\040\000I\000n\000s\000t\000a\000n\000c\000e}{subsection.6.13.3}% 132
\BOOKMARK [3][-]{subsubsection.6.13.3.5}{\376\377\0006\000.\0001\0003\000.\0003\000.\0005\000\040\000S\000t\000a\000t\000u\000s\000T\000e\000x\000t}{subsection.6.13.3}% 133
\BOOKMARK [2][-]{subsection.6.13.4}{\376\377\0006\000.\0001\0003\000.\0004\000\040\000E\000v\000e\000n\000t\000\040\000D\000o\000c\000u\000m\000e\000n\000t\000a\000t\000i\000o\000n}{section.6.13}% 134
\BOOKMARK [3][-]{subsubsection.6.13.4.1}{\376\377\0006\000.\0001\0003\000.\0004\000.\0001\000\040\000C\000o\000l\000o\000r\000F\000r\000a\000m\000e\000A\000r\000r\000i\000v\000e\000d}{subsection.6.13.4}% 135
\BOOKMARK [3][-]{subsubsection.6.13.4.2}{\376\377\0006\000.\0001\0003\000.\0004\000.\0002\000\040\000K\000i\000n\000e\000c\000t\000F\000r\000a\000m\000e\000A\000r\000r\000i\000v\000e\000d}{subsection.6.13.4}% 136
\BOOKMARK [1][-]{section.6.14}{\376\377\0006\000.\0001\0004\000\040\000R\000o\000w\000i\000n\000g\000M\000o\000n\000i\000t\000o\000r\000.\000M\000o\000d\000e\000l\000.\000P\000i\000p\000e\000l\000i\000n\000e\000.\000K\000l\000e\000s\000h\000n\000e\000v\000D\000a\000t\000a\000\040\000S\000t\000r\000u\000c\000t\000\040\000R\000e\000f\000e\000r\000e\000n\000c\000e}{chapter.6}% 137
\BOOKMARK [2][-]{subsection.6.14.1}{\376\377\0006\000.\0001\0004\000.\0001\000\040\000P\000r\000o\000p\000e\000r\000t\000y\000\040\000D\000o\000c\000u\000m\000e\000n\000t\000a\000t\000i\000o\000n}{section.6.14}% 138
\BOOKMARK [3][-]{subsubsection.6.14.1.1}{\376\377\0006\000.\0001\0004\000.\0001\000.\0001\000\040\000A\000b\000s\000T\000i\000m\000e\000s\000t\000a\000m\000p}{subsection.6.14.1}% 139
\BOOKMARK [3][-]{subsubsection.6.14.1.2}{\376\377\0006\000.\0001\0004\000.\0001\000.\0002\000\040\000I\000n\000d\000e\000x}{subsection.6.14.1}% 140
\BOOKMARK [3][-]{subsubsection.6.14.1.3}{\376\377\0006\000.\0001\0004\000.\0001\000.\0003\000\040\000R\000e\000l\000T\000i\000m\000e\000s\000t\000a\000m\000p}{subsection.6.14.1}% 141
\BOOKMARK [3][-]{subsubsection.6.14.1.4}{\376\377\0006\000.\0001\0004\000.\0001\000.\0004\000\040\000V\000e\000l\000o\000c\000i\000t\000i\000e\000s}{subsection.6.14.1}% 142
\BOOKMARK [1][-]{section.6.15}{\376\377\0006\000.\0001\0005\000\040\000R\000o\000w\000i\000n\000g\000M\000o\000n\000i\000t\000o\000r\000.\000M\000o\000d\000e\000l\000.\000K\000l\000e\000s\000h\000n\000e\000v\000E\000v\000e\000n\000t\000A\000r\000g\000s\000\040\000C\000l\000a\000s\000s\000\040\000R\000e\000f\000e\000r\000e\000n\000c\000e}{chapter.6}% 143
\BOOKMARK [2][-]{subsection.6.15.1}{\376\377\0006\000.\0001\0005\000.\0001\000\040\000D\000e\000t\000a\000i\000l\000e\000d\000\040\000D\000e\000s\000c\000r\000i\000p\000t\000i\000o\000n}{section.6.15}% 144
\BOOKMARK [2][-]{subsection.6.15.2}{\376\377\0006\000.\0001\0005\000.\0002\000\040\000C\000o\000n\000s\000t\000r\000u\000c\000t\000o\000r\000\040\000\046\000\040\000D\000e\000s\000t\000r\000u\000c\000t\000o\000r\000\040\000D\000o\000c\000u\000m\000e\000n\000t\000a\000t\000i\000o\000n}{section.6.15}% 145
\BOOKMARK [3][-]{subsubsection.6.15.2.1}{\376\377\0006\000.\0001\0005\000.\0002\000.\0001\000\040\000K\000l\000e\000s\000h\000n\000e\000v\000E\000v\000e\000n\000t\000A\000r\000g\000s\000\050\000\051}{subsection.6.15.2}% 146
\BOOKMARK [1][-]{section.6.16}{\376\377\0006\000.\0001\0006\000\040\000R\000o\000w\000i\000n\000g\000M\000o\000n\000i\000t\000o\000r\000.\000M\000o\000d\000e\000l\000.\000P\000i\000p\000e\000l\000i\000n\000e\000.\000K\000l\000e\000s\000h\000n\000e\000v\000V\000e\000l\000o\000c\000i\000t\000y\000C\000a\000l\000c\000u\000l\000a\000t\000o\000r\000\040\000C\000l\000a\000s\000s\000\040\000R\000e\000f\000e\000r\000e\000n\000c\000e}{chapter.6}% 147
\BOOKMARK [2][-]{subsection.6.16.1}{\376\377\0006\000.\0001\0006\000.\0001\000\040\000M\000e\000m\000b\000e\000r\000\040\000F\000u\000n\000c\000t\000i\000o\000n\000\040\000D\000o\000c\000u\000m\000e\000n\000t\000a\000t\000i\000o\000n}{section.6.16}% 148
\BOOKMARK [3][-]{subsubsection.6.16.1.1}{\376\377\0006\000.\0001\0006\000.\0001\000.\0001\000\040\000C\000a\000l\000c\000u\000l\000a\000t\000e\000K\000l\000e\000s\000h\000n\000e\000v\000V\000e\000l\000o\000c\000i\000t\000i\000e\000s\000\050\000\051}{subsection.6.16.1}% 149
\BOOKMARK [3][-]{subsubsection.6.16.1.2}{\376\377\0006\000.\0001\0006\000.\0001\000.\0002\000\040\000K\000l\000e\000s\000h\000n\000e\000v\000C\000a\000l\000c\000u\000l\000a\000t\000i\000o\000n\000F\000i\000n\000i\000s\000h\000e\000d\000E\000v\000e\000n\000t\000H\000a\000n\000d\000l\000e\000r\000\050\000\051}{subsection.6.16.1}% 150
\BOOKMARK [2][-]{subsection.6.16.2}{\376\377\0006\000.\0001\0006\000.\0002\000\040\000E\000v\000e\000n\000t\000\040\000D\000o\000c\000u\000m\000e\000n\000t\000a\000t\000i\000o\000n}{section.6.16}% 151
\BOOKMARK [3][-]{subsubsection.6.16.2.1}{\376\377\0006\000.\0001\0006\000.\0002\000.\0001\000\040\000K\000l\000e\000s\000h\000n\000e\000v\000C\000a\000l\000c\000u\000l\000a\000t\000i\000o\000n\000F\000i\000n\000i\000s\000h\000e\000d}{subsection.6.16.2}% 152
\BOOKMARK [1][-]{section.6.17}{\376\377\0006\000.\0001\0007\000\040\000R\000o\000w\000i\000n\000g\000M\000o\000n\000i\000t\000o\000r\000.\000M\000o\000d\000e\000l\000.\000L\000o\000w\000P\000a\000s\000s\000F\000i\000l\000t\000e\000r\000\040\000C\000l\000a\000s\000s\000\040\000R\000e\000f\000e\000r\000e\000n\000c\000e}{chapter.6}% 153
\BOOKMARK [2][-]{subsection.6.17.1}{\376\377\0006\000.\0001\0007\000.\0001\000\040\000C\000o\000n\000s\000t\000r\000u\000c\000t\000o\000r\000\040\000\046\000\040\000D\000e\000s\000t\000r\000u\000c\000t\000o\000r\000\040\000D\000o\000c\000u\000m\000e\000n\000t\000a\000t\000i\000o\000n}{section.6.17}% 154
\BOOKMARK [3][-]{subsubsection.6.17.1.1}{\376\377\0006\000.\0001\0007\000.\0001\000.\0001\000\040\000L\000o\000w\000P\000a\000s\000s\000F\000i\000l\000t\000e\000r\000\050\000\051}{subsection.6.17.1}% 155
\BOOKMARK [2][-]{subsection.6.17.2}{\376\377\0006\000.\0001\0007\000.\0002\000\040\000M\000e\000m\000b\000e\000r\000\040\000F\000u\000n\000c\000t\000i\000o\000n\000\040\000D\000o\000c\000u\000m\000e\000n\000t\000a\000t\000i\000o\000n}{section.6.17}% 156
\BOOKMARK [3][-]{subsubsection.6.17.2.1}{\376\377\0006\000.\0001\0007\000.\0002\000.\0001\000\040\000F\000i\000l\000t\000e\000r\000\050\000\051}{subsection.6.17.2}% 157
\BOOKMARK [2][-]{subsection.6.17.3}{\376\377\0006\000.\0001\0007\000.\0003\000\040\000P\000r\000o\000p\000e\000r\000t\000y\000\040\000D\000o\000c\000u\000m\000e\000n\000t\000a\000t\000i\000o\000n}{section.6.17}% 158
\BOOKMARK [3][-]{subsubsection.6.17.3.1}{\376\377\0006\000.\0001\0007\000.\0003\000.\0001\000\040\000H\000a\000t\000x\000p\000r\000e\000v}{subsection.6.17.3}% 159
\BOOKMARK [1][-]{section.6.18}{\376\377\0006\000.\0001\0008\000\040\000R\000o\000w\000i\000n\000g\000M\000o\000n\000i\000t\000o\000r\000.\000V\000i\000e\000w\000M\000o\000d\000e\000l\000.\000M\000a\000i\000n\000V\000i\000e\000w\000M\000o\000d\000e\000l\000\040\000C\000l\000a\000s\000s\000\040\000R\000e\000f\000e\000r\000e\000n\000c\000e}{chapter.6}% 160
\BOOKMARK [2][-]{subsection.6.18.1}{\376\377\0006\000.\0001\0008\000.\0001\000\040\000D\000e\000t\000a\000i\000l\000e\000d\000\040\000D\000e\000s\000c\000r\000i\000p\000t\000i\000o\000n}{section.6.18}% 161
\BOOKMARK [2][-]{subsection.6.18.2}{\376\377\0006\000.\0001\0008\000.\0002\000\040\000C\000o\000n\000s\000t\000r\000u\000c\000t\000o\000r\000\040\000\046\000\040\000D\000e\000s\000t\000r\000u\000c\000t\000o\000r\000\040\000D\000o\000c\000u\000m\000e\000n\000t\000a\000t\000i\000o\000n}{section.6.18}% 162
\BOOKMARK [3][-]{subsubsection.6.18.2.1}{\376\377\0006\000.\0001\0008\000.\0002\000.\0001\000\040\000M\000a\000i\000n\000V\000i\000e\000w\000M\000o\000d\000e\000l\000\050\000\051}{subsection.6.18.2}% 163
\BOOKMARK [2][-]{subsection.6.18.3}{\376\377\0006\000.\0001\0008\000.\0003\000\040\000M\000e\000m\000b\000e\000r\000\040\000F\000u\000n\000c\000t\000i\000o\000n\000\040\000D\000o\000c\000u\000m\000e\000n\000t\000a\000t\000i\000o\000n}{section.6.18}% 164
\BOOKMARK [3][-]{subsubsection.6.18.3.1}{\376\377\0006\000.\0001\0008\000.\0003\000.\0001\000\040\000R\000a\000i\000s\000e\000P\000r\000o\000p\000e\000r\000t\000y\000C\000h\000a\000n\000g\000e\000d\000\050\000\051}{subsection.6.18.3}% 165
\BOOKMARK [2][-]{subsection.6.18.4}{\376\377\0006\000.\0001\0008\000.\0004\000\040\000P\000r\000o\000p\000e\000r\000t\000y\000\040\000D\000o\000c\000u\000m\000e\000n\000t\000a\000t\000i\000o\000n}{section.6.18}% 166
\BOOKMARK [3][-]{subsubsection.6.18.4.1}{\376\377\0006\000.\0001\0008\000.\0004\000.\0001\000\040\000B\000e\000t\000a}{subsection.6.18.4}% 167
\BOOKMARK [3][-]{subsubsection.6.18.4.2}{\376\377\0006\000.\0001\0008\000.\0004\000.\0002\000\040\000B\000o\000d\000y\000I\000m\000a\000g\000e\000S\000o\000u\000r\000c\000e}{subsection.6.18.4}% 168
\BOOKMARK [3][-]{subsubsection.6.18.4.3}{\376\377\0006\000.\0001\0008\000.\0004\000.\0003\000\040\000C\000o\000l\000o\000r\000I\000m\000a\000g\000e\000S\000o\000u\000r\000c\000e}{subsection.6.18.4}% 169
\BOOKMARK [3][-]{subsubsection.6.18.4.4}{\376\377\0006\000.\0001\0008\000.\0004\000.\0004\000\040\000D\000e\000f\000a\000u\000l\000t\000P\000l\000o\000t\000M\000o\000d\000e\000l}{subsection.6.18.4}% 170
\BOOKMARK [3][-]{subsubsection.6.18.4.5}{\376\377\0006\000.\0001\0008\000.\0004\000.\0005\000\040\000F\000c\000m\000i\000n}{subsection.6.18.4}% 171
\BOOKMARK [3][-]{subsubsection.6.18.4.6}{\376\377\0006\000.\0001\0008\000.\0004\000.\0006\000\040\000K\000l\000s\000h\000C\000u\000r\000r\000e\000n\000t\000S\000e\000g\000m\000e\000n\000t\000P\000l\000o\000t\000M\000o\000d\000e\000l}{subsection.6.18.4}% 172
\BOOKMARK [3][-]{subsubsection.6.18.4.7}{\376\377\0006\000.\0001\0008\000.\0004\000.\0007\000\040\000K\000l\000s\000h\000L\000a\000s\000t\000S\000e\000g\000m\000e\000n\000t\000P\000l\000o\000t\000M\000o\000d\000e\000l}{subsection.6.18.4}% 173
\BOOKMARK [3][-]{subsubsection.6.18.4.8}{\376\377\0006\000.\0001\0008\000.\0004\000.\0008\000\040\000P\000l\000o\000t\000J\000o\000i\000n\000t\000T\000y\000p\000e\000s}{subsection.6.18.4}% 174
\BOOKMARK [3][-]{subsubsection.6.18.4.9}{\376\377\0006\000.\0001\0008\000.\0004\000.\0009\000\040\000P\000l\000o\000t\000M\000e\000a\000s\000u\000r\000e\000d\000V\000a\000r\000i\000a\000b\000l\000e\000s}{subsection.6.18.4}% 175
\BOOKMARK [3][-]{subsubsection.6.18.4.10}{\376\377\0006\000.\0001\0008\000.\0004\000.\0001\0000\000\040\000S\000i\000d\000e\000B\000o\000d\000y\000I\000m\000a\000g\000e\000S\000o\000u\000r\000c\000e}{subsection.6.18.4}% 176
\BOOKMARK [3][-]{subsubsection.6.18.4.11}{\376\377\0006\000.\0001\0008\000.\0004\000.\0001\0001\000\040\000U\000s\000e\000K\000i\000n\000e\000c\000t\000J\000o\000i\000n\000t\000F\000i\000l\000t\000e\000r}{subsection.6.18.4}% 177
\BOOKMARK [3][-]{subsubsection.6.18.4.12}{\376\377\0006\000.\0001\0008\000.\0004\000.\0001\0002\000\040\000U\000s\000e\000Z\000V\000C}{subsection.6.18.4}% 178
\BOOKMARK [3][-]{subsubsection.6.18.4.13}{\376\377\0006\000.\0001\0008\000.\0004\000.\0001\0003\000\040\000W\000i\000n\000d\000o\000w\000C\000l\000o\000s\000i\000n\000g}{subsection.6.18.4}% 179
\BOOKMARK [3][-]{subsubsection.6.18.4.14}{\376\377\0006\000.\0001\0008\000.\0004\000.\0001\0004\000\040\000W\000i\000n\000d\000o\000w\000L\000o\000a\000d\000e\000d}{subsection.6.18.4}% 180
\BOOKMARK [2][-]{subsection.6.18.5}{\376\377\0006\000.\0001\0008\000.\0005\000\040\000E\000v\000e\000n\000t\000\040\000D\000o\000c\000u\000m\000e\000n\000t\000a\000t\000i\000o\000n}{section.6.18}% 181
\BOOKMARK [3][-]{subsubsection.6.18.5.1}{\376\377\0006\000.\0001\0008\000.\0005\000.\0001\000\040\000P\000r\000o\000p\000e\000r\000t\000y\000C\000h\000a\000n\000g\000e\000d}{subsection.6.18.5}% 182
\BOOKMARK [1][-]{section.6.19}{\376\377\0006\000.\0001\0009\000\040\000R\000o\000w\000i\000n\000g\000M\000o\000n\000i\000t\000o\000r\000.\000M\000a\000i\000n\000W\000i\000n\000d\000o\000w\000\040\000C\000l\000a\000s\000s\000\040\000R\000e\000f\000e\000r\000e\000n\000c\000e}{chapter.6}% 183
\BOOKMARK [2][-]{subsection.6.19.1}{\376\377\0006\000.\0001\0009\000.\0001\000\040\000D\000e\000t\000a\000i\000l\000e\000d\000\040\000D\000e\000s\000c\000r\000i\000p\000t\000i\000o\000n}{section.6.19}% 184
\BOOKMARK [2][-]{subsection.6.19.2}{\376\377\0006\000.\0001\0009\000.\0002\000\040\000C\000o\000n\000s\000t\000r\000u\000c\000t\000o\000r\000\040\000\046\000\040\000D\000e\000s\000t\000r\000u\000c\000t\000o\000r\000\040\000D\000o\000c\000u\000m\000e\000n\000t\000a\000t\000i\000o\000n}{section.6.19}% 185
\BOOKMARK [3][-]{subsubsection.6.19.2.1}{\376\377\0006\000.\0001\0009\000.\0002\000.\0001\000\040\000M\000a\000i\000n\000W\000i\000n\000d\000o\000w\000\050\000\051}{subsection.6.19.2}% 186
\BOOKMARK [2][-]{subsection.6.19.3}{\376\377\0006\000.\0001\0009\000.\0003\000\040\000M\000e\000m\000b\000e\000r\000\040\000F\000u\000n\000c\000t\000i\000o\000n\000\040\000D\000o\000c\000u\000m\000e\000n\000t\000a\000t\000i\000o\000n}{section.6.19}% 187
\BOOKMARK [3][-]{subsubsection.6.19.3.1}{\376\377\0006\000.\0001\0009\000.\0003\000.\0001\000\040\000I\000n\000i\000t\000i\000a\000l\000i\000z\000e\000C\000o\000m\000p\000o\000n\000e\000n\000t\000\050\000\051\000\040\000[\0001\000/\0004\000]}{subsection.6.19.3}% 188
\BOOKMARK [3][-]{subsubsection.6.19.3.2}{\376\377\0006\000.\0001\0009\000.\0003\000.\0002\000\040\000I\000n\000i\000t\000i\000a\000l\000i\000z\000e\000C\000o\000m\000p\000o\000n\000e\000n\000t\000\050\000\051\000\040\000[\0002\000/\0004\000]}{subsection.6.19.3}% 189
\BOOKMARK [3][-]{subsubsection.6.19.3.3}{\376\377\0006\000.\0001\0009\000.\0003\000.\0003\000\040\000I\000n\000i\000t\000i\000a\000l\000i\000z\000e\000C\000o\000m\000p\000o\000n\000e\000n\000t\000\050\000\051\000\040\000[\0003\000/\0004\000]}{subsection.6.19.3}% 190
\BOOKMARK [3][-]{subsubsection.6.19.3.4}{\376\377\0006\000.\0001\0009\000.\0003\000.\0004\000\040\000I\000n\000i\000t\000i\000a\000l\000i\000z\000e\000C\000o\000m\000p\000o\000n\000e\000n\000t\000\050\000\051\000\040\000[\0004\000/\0004\000]}{subsection.6.19.3}% 191
\BOOKMARK [1][-]{section.6.20}{\376\377\0006\000.\0002\0000\000\040\000R\000o\000w\000i\000n\000g\000M\000o\000n\000i\000t\000o\000r\000.\000M\000o\000d\000e\000l\000.\000O\000n\000e\000E\000u\000r\000o\000F\000i\000l\000t\000e\000r\000S\000m\000o\000o\000t\000h\000i\000n\000g\000\040\000C\000l\000a\000s\000s\000\040\000R\000e\000f\000e\000r\000e\000n\000c\000e}{chapter.6}% 192
\BOOKMARK [2][-]{subsection.6.20.1}{\376\377\0006\000.\0002\0000\000.\0001\000\040\000C\000o\000n\000s\000t\000r\000u\000c\000t\000o\000r\000\040\000\046\000\040\000D\000e\000s\000t\000r\000u\000c\000t\000o\000r\000\040\000D\000o\000c\000u\000m\000e\000n\000t\000a\000t\000i\000o\000n}{section.6.20}% 193
\BOOKMARK [3][-]{subsubsection.6.20.1.1}{\376\377\0006\000.\0002\0000\000.\0001\000.\0001\000\040\000O\000n\000e\000E\000u\000r\000o\000F\000i\000l\000t\000e\000r\000S\000m\000o\000o\000t\000h\000i\000n\000g\000\050\000\051}{subsection.6.20.1}% 194
\BOOKMARK [2][-]{subsection.6.20.2}{\376\377\0006\000.\0002\0000\000.\0002\000\040\000M\000e\000m\000b\000e\000r\000\040\000F\000u\000n\000c\000t\000i\000o\000n\000\040\000D\000o\000c\000u\000m\000e\000n\000t\000a\000t\000i\000o\000n}{section.6.20}% 195
\BOOKMARK [3][-]{subsubsection.6.20.2.1}{\376\377\0006\000.\0002\0000\000.\0002\000.\0001\000\040\000I\000n\000i\000t\000C\000u\000t\000o\000f\000f\000D\000i\000c\000t\000i\000o\000n\000a\000r\000y\000\050\000\051}{subsection.6.20.2}% 196
\BOOKMARK [3][-]{subsubsection.6.20.2.2}{\376\377\0006\000.\0002\0000\000.\0002\000.\0002\000\040\000S\000m\000o\000o\000t\000h\000e\000d\000F\000r\000a\000m\000e\000A\000r\000r\000i\000v\000e\000d\000E\000v\000e\000n\000t\000H\000a\000n\000d\000l\000e\000r\000\050\000\051}{subsection.6.20.2}% 197
\BOOKMARK [3][-]{subsubsection.6.20.2.3}{\376\377\0006\000.\0002\0000\000.\0002\000.\0003\000\040\000U\000p\000d\000a\000t\000e\000F\000i\000l\000t\000e\000r\000\050\000\051}{subsection.6.20.2}% 198
\BOOKMARK [2][-]{subsection.6.20.3}{\376\377\0006\000.\0002\0000\000.\0003\000\040\000P\000r\000o\000p\000e\000r\000t\000y\000\040\000D\000o\000c\000u\000m\000e\000n\000t\000a\000t\000i\000o\000n}{section.6.20}% 199
\BOOKMARK [3][-]{subsubsection.6.20.3.1}{\376\377\0006\000.\0002\0000\000.\0003\000.\0001\000\040\000B\000e\000t\000a}{subsection.6.20.3}% 200
\BOOKMARK [3][-]{subsubsection.6.20.3.2}{\376\377\0006\000.\0002\0000\000.\0003\000.\0002\000\040\000F\000c\000m\000i\000n}{subsection.6.20.3}% 201
\BOOKMARK [3][-]{subsubsection.6.20.3.3}{\376\377\0006\000.\0002\0000\000.\0003\000.\0003\000\040\000M\000i\000n\000c\000u\000t\000o\000f\000f}{subsection.6.20.3}% 202
\BOOKMARK [2][-]{subsection.6.20.4}{\376\377\0006\000.\0002\0000\000.\0004\000\040\000E\000v\000e\000n\000t\000\040\000D\000o\000c\000u\000m\000e\000n\000t\000a\000t\000i\000o\000n}{section.6.20}% 203
\BOOKMARK [3][-]{subsubsection.6.20.4.1}{\376\377\0006\000.\0002\0000\000.\0004\000.\0001\000\040\000S\000m\000o\000o\000t\000h\000e\000d\000F\000r\000a\000m\000e\000A\000r\000r\000i\000v\000e\000d}{subsection.6.20.4}% 204
\BOOKMARK [1][-]{section.6.21}{\376\377\0006\000.\0002\0001\000\040\000R\000o\000w\000i\000n\000g\000M\000o\000n\000i\000t\000o\000r\000.\000M\000o\000d\000e\000l\000.\000P\000l\000o\000t\000\040\000C\000l\000a\000s\000s\000\040\000R\000e\000f\000e\000r\000e\000n\000c\000e}{chapter.6}% 205
\BOOKMARK [2][-]{subsection.6.21.1}{\376\377\0006\000.\0002\0001\000.\0001\000\040\000C\000o\000n\000s\000t\000r\000u\000c\000t\000o\000r\000\040\000\046\000\040\000D\000e\000s\000t\000r\000u\000c\000t\000o\000r\000\040\000D\000o\000c\000u\000m\000e\000n\000t\000a\000t\000i\000o\000n}{section.6.21}% 206
\BOOKMARK [3][-]{subsubsection.6.21.1.1}{\376\377\0006\000.\0002\0001\000.\0001\000.\0001\000\040\000P\000l\000o\000t\000\050\000\051\000\040\000[\0001\000/\0002\000]}{subsection.6.21.1}% 207
\BOOKMARK [3][-]{subsubsection.6.21.1.2}{\376\377\0006\000.\0002\0001\000.\0001\000.\0002\000\040\000P\000l\000o\000t\000\050\000\051\000\040\000[\0002\000/\0002\000]}{subsection.6.21.1}% 208
\BOOKMARK [2][-]{subsection.6.21.2}{\376\377\0006\000.\0002\0001\000.\0002\000\040\000M\000e\000m\000b\000e\000r\000\040\000F\000u\000n\000c\000t\000i\000o\000n\000\040\000D\000o\000c\000u\000m\000e\000n\000t\000a\000t\000i\000o\000n}{section.6.21}% 209
\BOOKMARK [3][-]{subsubsection.6.21.2.1}{\376\377\0006\000.\0002\0001\000.\0002\000.\0001\000\040\000A\000d\000d\000D\000a\000t\000a\000P\000o\000i\000n\000t\000\050\000\051}{subsection.6.21.2}% 210
\BOOKMARK [3][-]{subsubsection.6.21.2.2}{\376\377\0006\000.\0002\0001\000.\0002\000.\0002\000\040\000I\000n\000i\000t\000\050\000\051}{subsection.6.21.2}% 211
\BOOKMARK [3][-]{subsubsection.6.21.2.3}{\376\377\0006\000.\0002\0001\000.\0002\000.\0003\000\040\000U\000p\000d\000a\000t\000e\000P\000l\000o\000t\000\050\000\051}{subsection.6.21.2}% 212
\BOOKMARK [2][-]{subsection.6.21.3}{\376\377\0006\000.\0002\0001\000.\0003\000\040\000P\000r\000o\000p\000e\000r\000t\000y\000\040\000D\000o\000c\000u\000m\000e\000n\000t\000a\000t\000i\000o\000n}{section.6.21}% 213
\BOOKMARK [3][-]{subsubsection.6.21.3.1}{\376\377\0006\000.\0002\0001\000.\0003\000.\0001\000\040\000C\000o\000l\000o\000r\000s}{subsection.6.21.3}% 214
\BOOKMARK [3][-]{subsubsection.6.21.3.2}{\376\377\0006\000.\0002\0001\000.\0003\000.\0002\000\040\000P\000l\000o\000t\000M\000o\000d\000e\000l}{subsection.6.21.3}% 215
\BOOKMARK [1][-]{section.6.22}{\376\377\0006\000.\0002\0002\000\040\000R\000o\000w\000i\000n\000g\000M\000o\000n\000i\000t\000o\000r\000.\000M\000o\000d\000e\000l\000.\000P\000l\000o\000t\000D\000a\000t\000a\000\040\000S\000t\000r\000u\000c\000t\000\040\000R\000e\000f\000e\000r\000e\000n\000c\000e}{chapter.6}% 216
\BOOKMARK [2][-]{subsection.6.22.1}{\376\377\0006\000.\0002\0002\000.\0001\000\040\000P\000r\000o\000p\000e\000r\000t\000y\000\040\000D\000o\000c\000u\000m\000e\000n\000t\000a\000t\000i\000o\000n}{section.6.22}% 217
\BOOKMARK [3][-]{subsubsection.6.22.1.1}{\376\377\0006\000.\0002\0002\000.\0001\000.\0001\000\040\000A\000n\000n\000o\000t\000a\000t\000i\000o\000n}{subsection.6.22.1}% 218
\BOOKMARK [3][-]{subsubsection.6.22.1.2}{\376\377\0006\000.\0002\0002\000.\0001\000.\0002\000\040\000D\000a\000t\000a\000S\000t\000r\000e\000a\000m\000T\000y\000p\000e}{subsection.6.22.1}% 219
\BOOKMARK [3][-]{subsubsection.6.22.1.3}{\376\377\0006\000.\0002\0002\000.\0001\000.\0003\000\040\000X}{subsection.6.22.1}% 220
\BOOKMARK [3][-]{subsubsection.6.22.1.4}{\376\377\0006\000.\0002\0002\000.\0001\000.\0004\000\040\000Y}{subsection.6.22.1}% 221
\BOOKMARK [1][-]{section.6.23}{\376\377\0006\000.\0002\0003\000\040\000R\000o\000w\000i\000n\000g\000M\000o\000n\000i\000t\000o\000r\000.\000R\000e\000l\000a\000y\000C\000o\000m\000m\000a\000n\000d\000\040\000C\000l\000a\000s\000s\000\040\000R\000e\000f\000e\000r\000e\000n\000c\000e}{chapter.6}% 222
\BOOKMARK [2][-]{subsection.6.23.1}{\376\377\0006\000.\0002\0003\000.\0001\000\040\000C\000o\000n\000s\000t\000r\000u\000c\000t\000o\000r\000\040\000\046\000\040\000D\000e\000s\000t\000r\000u\000c\000t\000o\000r\000\040\000D\000o\000c\000u\000m\000e\000n\000t\000a\000t\000i\000o\000n}{section.6.23}% 223
\BOOKMARK [3][-]{subsubsection.6.23.1.1}{\376\377\0006\000.\0002\0003\000.\0001\000.\0001\000\040\000R\000e\000l\000a\000y\000C\000o\000m\000m\000a\000n\000d\000\050\000\051\000\040\000[\0001\000/\0002\000]}{subsection.6.23.1}% 224
\BOOKMARK [3][-]{subsubsection.6.23.1.2}{\376\377\0006\000.\0002\0003\000.\0001\000.\0002\000\040\000R\000e\000l\000a\000y\000C\000o\000m\000m\000a\000n\000d\000\050\000\051\000\040\000[\0002\000/\0002\000]}{subsection.6.23.1}% 225
\BOOKMARK [2][-]{subsection.6.23.2}{\376\377\0006\000.\0002\0003\000.\0002\000\040\000M\000e\000m\000b\000e\000r\000\040\000F\000u\000n\000c\000t\000i\000o\000n\000\040\000D\000o\000c\000u\000m\000e\000n\000t\000a\000t\000i\000o\000n}{section.6.23}% 226
\BOOKMARK [3][-]{subsubsection.6.23.2.1}{\376\377\0006\000.\0002\0003\000.\0002\000.\0001\000\040\000C\000a\000n\000E\000x\000e\000c\000u\000t\000e\000\050\000\051}{subsection.6.23.2}% 227
\BOOKMARK [3][-]{subsubsection.6.23.2.2}{\376\377\0006\000.\0002\0003\000.\0002\000.\0002\000\040\000E\000x\000e\000c\000u\000t\000e\000\050\000\051}{subsection.6.23.2}% 228
\BOOKMARK [2][-]{subsection.6.23.3}{\376\377\0006\000.\0002\0003\000.\0003\000\040\000P\000r\000o\000p\000e\000r\000t\000y\000\040\000D\000o\000c\000u\000m\000e\000n\000t\000a\000t\000i\000o\000n}{section.6.23}% 229
\BOOKMARK [3][-]{subsubsection.6.23.3.1}{\376\377\0006\000.\0002\0003\000.\0003\000.\0001\000\040\000C\000a\000n\000E\000x\000e\000c\000u\000t\000e\000C\000h\000a\000n\000g\000e\000d}{subsection.6.23.3}% 230
\BOOKMARK [1][-]{section.6.24}{\376\377\0006\000.\0002\0004\000\040\000R\000o\000w\000i\000n\000g\000M\000o\000n\000i\000t\000o\000r\000.\000M\000o\000d\000e\000l\000.\000P\000i\000p\000e\000l\000i\000n\000e\000.\000R\000o\000w\000i\000n\000g\000M\000o\000n\000i\000t\000o\000r\000P\000i\000p\000e\000l\000i\000n\000e\000\040\000C\000l\000a\000s\000s\000\040\000R\000e\000f\000e\000r\000e\000n\000c\000e}{chapter.6}% 231
\BOOKMARK [2][-]{subsection.6.24.1}{\376\377\0006\000.\0002\0004\000.\0001\000\040\000C\000o\000n\000s\000t\000r\000u\000c\000t\000o\000r\000\040\000\046\000\040\000D\000e\000s\000t\000r\000u\000c\000t\000o\000r\000\040\000D\000o\000c\000u\000m\000e\000n\000t\000a\000t\000i\000o\000n}{section.6.24}% 232
\BOOKMARK [3][-]{subsubsection.6.24.1.1}{\376\377\0006\000.\0002\0004\000.\0001\000.\0001\000\040\000R\000o\000w\000i\000n\000g\000M\000o\000n\000i\000t\000o\000r\000P\000i\000p\000e\000l\000i\000n\000e\000\050\000\051}{subsection.6.24.1}% 233
\BOOKMARK [2][-]{subsection.6.24.2}{\376\377\0006\000.\0002\0004\000.\0002\000\040\000M\000e\000m\000b\000e\000r\000\040\000F\000u\000n\000c\000t\000i\000o\000n\000\040\000D\000o\000c\000u\000m\000e\000n\000t\000a\000t\000i\000o\000n}{section.6.24}% 234
\BOOKMARK [3][-]{subsubsection.6.24.2.1}{\376\377\0006\000.\0002\0004\000.\0002\000.\0001\000\040\000S\000t\000a\000r\000t\000P\000i\000p\000e\000l\000i\000n\000e\000\050\000\051}{subsection.6.24.2}% 235
\BOOKMARK [3][-]{subsubsection.6.24.2.2}{\376\377\0006\000.\0002\0004\000.\0002\000.\0002\000\040\000S\000t\000o\000p\000P\000i\000p\000e\000l\000i\000n\000e\000\050\000\051}{subsection.6.24.2}% 236
\BOOKMARK [3][-]{subsubsection.6.24.2.3}{\376\377\0006\000.\0002\0004\000.\0002\000.\0003\000\040\000U\000p\000d\000a\000t\000e\000D\000e\000f\000a\000u\000l\000t\000P\000l\000o\000t\000\050\000\051}{subsection.6.24.2}% 237
\BOOKMARK [3][-]{subsubsection.6.24.2.4}{\376\377\0006\000.\0002\0004\000.\0002\000.\0004\000\040\000U\000p\000d\000a\000t\000e\000K\000l\000e\000s\000h\000n\000e\000v\000P\000l\000o\000t\000s\000\050\000\051}{subsection.6.24.2}% 238
\BOOKMARK [2][-]{subsection.6.24.3}{\376\377\0006\000.\0002\0004\000.\0003\000\040\000P\000r\000o\000p\000e\000r\000t\000y\000\040\000D\000o\000c\000u\000m\000e\000n\000t\000a\000t\000i\000o\000n}{section.6.24}% 239
\BOOKMARK [3][-]{subsubsection.6.24.3.1}{\376\377\0006\000.\0002\0004\000.\0003\000.\0001\000\040\000C\000o\000l\000o\000r\000B\000o\000d\000y\000I\000m\000a\000g\000e\000S\000o\000u\000r\000c\000e}{subsection.6.24.3}% 240
\BOOKMARK [3][-]{subsubsection.6.24.3.2}{\376\377\0006\000.\0002\0004\000.\0003\000.\0002\000\040\000D\000e\000f\000a\000u\000l\000t\000P\000l\000o\000t\000M\000o\000d\000e\000l}{subsection.6.24.3}% 241
\BOOKMARK [3][-]{subsubsection.6.24.3.3}{\376\377\0006\000.\0002\0004\000.\0003\000.\0003\000\040\000F\000r\000o\000n\000t\000a\000l\000B\000o\000d\000y\000I\000m\000a\000g\000e\000S\000o\000u\000r\000c\000e}{subsection.6.24.3}% 242
\BOOKMARK [3][-]{subsubsection.6.24.3.4}{\376\377\0006\000.\0002\0004\000.\0003\000.\0004\000\040\000K\000l\000s\000h\000C\000u\000r\000r\000e\000n\000t\000S\000e\000g\000m\000e\000n\000t\000P\000l\000o\000t\000M\000o\000d\000e\000l}{subsection.6.24.3}% 243
\BOOKMARK [3][-]{subsubsection.6.24.3.5}{\376\377\0006\000.\0002\0004\000.\0003\000.\0005\000\040\000K\000l\000s\000h\000L\000a\000s\000t\000S\000e\000g\000m\000e\000n\000t\000P\000l\000o\000t\000M\000o\000d\000e\000l}{subsection.6.24.3}% 244
\BOOKMARK [3][-]{subsubsection.6.24.3.6}{\376\377\0006\000.\0002\0004\000.\0003\000.\0006\000\040\000P\000l\000o\000t\000J\000o\000i\000n\000t\000T\000y\000p\000e\000s}{subsection.6.24.3}% 245
\BOOKMARK [3][-]{subsubsection.6.24.3.7}{\376\377\0006\000.\0002\0004\000.\0003\000.\0007\000\040\000P\000l\000o\000t\000M\000e\000a\000s\000u\000r\000e\000d\000V\000a\000r\000i\000a\000b\000l\000e\000s}{subsection.6.24.3}% 246
\BOOKMARK [3][-]{subsubsection.6.24.3.8}{\376\377\0006\000.\0002\0004\000.\0003\000.\0008\000\040\000P\000l\000o\000t\000R\000a\000n\000g\000e}{subsection.6.24.3}% 247
\BOOKMARK [3][-]{subsubsection.6.24.3.9}{\376\377\0006\000.\0002\0004\000.\0003\000.\0009\000\040\000S\000e\000g\000m\000e\000n\000t\000D\000e\000t\000e\000c\000t\000o\000r\000C\000h\000a\000n\000g\000e\000d}{subsection.6.24.3}% 248
\BOOKMARK [3][-]{subsubsection.6.24.3.10}{\376\377\0006\000.\0002\0004\000.\0003\000.\0001\0000\000\040\000S\000i\000d\000e\000B\000o\000d\000y\000I\000m\000a\000g\000e\000S\000o\000u\000r\000c\000e}{subsection.6.24.3}% 249
\BOOKMARK [3][-]{subsubsection.6.24.3.11}{\376\377\0006\000.\0002\0004\000.\0003\000.\0001\0001\000\040\000U\000s\000e\000K\000i\000n\000e\000c\000t\000J\000o\000i\000n\000t\000F\000i\000l\000t\000e\000r}{subsection.6.24.3}% 250
\BOOKMARK [3][-]{subsubsection.6.24.3.12}{\376\377\0006\000.\0002\0004\000.\0003\000.\0001\0002\000\040\000U\000s\000e\000Z\000V\000C}{subsection.6.24.3}% 251
\BOOKMARK [1][-]{section.6.25}{\376\377\0006\000.\0002\0005\000\040\000R\000o\000w\000i\000n\000g\000M\000o\000n\000i\000t\000o\000r\000.\000M\000o\000d\000e\000l\000.\000S\000e\000g\000m\000e\000n\000t\000D\000e\000t\000e\000c\000t\000e\000d\000E\000v\000e\000n\000t\000A\000r\000g\000s\000\040\000C\000l\000a\000s\000s\000\040\000R\000e\000f\000e\000r\000e\000n\000c\000e}{chapter.6}% 252
\BOOKMARK [2][-]{subsection.6.25.1}{\376\377\0006\000.\0002\0005\000.\0001\000\040\000D\000e\000t\000a\000i\000l\000e\000d\000\040\000D\000e\000s\000c\000r\000i\000p\000t\000i\000o\000n}{section.6.25}% 253
\BOOKMARK [2][-]{subsection.6.25.2}{\376\377\0006\000.\0002\0005\000.\0002\000\040\000C\000o\000n\000s\000t\000r\000u\000c\000t\000o\000r\000\040\000\046\000\040\000D\000e\000s\000t\000r\000u\000c\000t\000o\000r\000\040\000D\000o\000c\000u\000m\000e\000n\000t\000a\000t\000i\000o\000n}{section.6.25}% 254
\BOOKMARK [3][-]{subsubsection.6.25.2.1}{\376\377\0006\000.\0002\0005\000.\0002\000.\0001\000\040\000S\000e\000g\000m\000e\000n\000t\000D\000e\000t\000e\000c\000t\000e\000d\000E\000v\000e\000n\000t\000A\000r\000g\000s\000\050\000\051}{subsection.6.25.2}% 255
\BOOKMARK [2][-]{subsection.6.25.3}{\376\377\0006\000.\0002\0005\000.\0003\000\040\000P\000r\000o\000p\000e\000r\000t\000y\000\040\000D\000o\000c\000u\000m\000e\000n\000t\000a\000t\000i\000o\000n}{section.6.25}% 256
\BOOKMARK [3][-]{subsubsection.6.25.3.1}{\376\377\0006\000.\0002\0005\000.\0003\000.\0001\000\040\000H\000i\000t\000s}{subsection.6.25.3}% 257
\BOOKMARK [1][-]{section.6.26}{\376\377\0006\000.\0002\0006\000\040\000R\000o\000w\000i\000n\000g\000M\000o\000n\000i\000t\000o\000r\000.\000M\000o\000d\000e\000l\000.\000P\000i\000p\000e\000l\000i\000n\000e\000.\000S\000e\000g\000m\000e\000n\000t\000D\000e\000t\000e\000c\000t\000o\000r\000\040\000C\000l\000a\000s\000s\000\040\000R\000e\000f\000e\000r\000e\000n\000c\000e}{chapter.6}% 258
\BOOKMARK [2][-]{subsection.6.26.1}{\376\377\0006\000.\0002\0006\000.\0001\000\040\000M\000e\000m\000b\000e\000r\000\040\000F\000u\000n\000c\000t\000i\000o\000n\000\040\000D\000o\000c\000u\000m\000e\000n\000t\000a\000t\000i\000o\000n}{section.6.26}% 259
\BOOKMARK [3][-]{subsubsection.6.26.1.1}{\376\377\0006\000.\0002\0006\000.\0001\000.\0001\000\040\000G\000e\000t\000J\000o\000i\000n\000t\000D\000a\000t\000a\000V\000a\000l\000u\000e\000\050\000\051}{subsection.6.26.1}% 260
\BOOKMARK [3][-]{subsubsection.6.26.1.2}{\376\377\0006\000.\0002\0006\000.\0001\000.\0002\000\040\000O\000n\000S\000e\000g\000m\000e\000n\000t\000D\000e\000t\000e\000c\000t\000e\000d\000\050\000\051}{subsection.6.26.1}% 261
\BOOKMARK [3][-]{subsubsection.6.26.1.3}{\376\377\0006\000.\0002\0006\000.\0001\000.\0003\000\040\000S\000e\000g\000m\000e\000n\000t\000D\000e\000t\000e\000c\000t\000e\000d\000E\000v\000e\000n\000t\000H\000a\000n\000d\000l\000e\000r\000\050\000\051}{subsection.6.26.1}% 262
\BOOKMARK [3][-]{subsubsection.6.26.1.4}{\376\377\0006\000.\0002\0006\000.\0001\000.\0004\000\040\000U\000p\000d\000a\000t\000e\000\050\000\051}{subsection.6.26.1}% 263
\BOOKMARK [2][-]{subsection.6.26.2}{\376\377\0006\000.\0002\0006\000.\0002\000\040\000M\000e\000m\000b\000e\000r\000\040\000D\000a\000t\000a\000\040\000D\000o\000c\000u\000m\000e\000n\000t\000a\000t\000i\000o\000n}{section.6.26}% 264
\BOOKMARK [3][-]{subsubsection.6.26.2.1}{\376\377\0006\000.\0002\0006\000.\0002\000.\0001\000\040\000h\000i\000t\000s}{subsection.6.26.2}% 265
\BOOKMARK [2][-]{subsection.6.26.3}{\376\377\0006\000.\0002\0006\000.\0003\000\040\000E\000v\000e\000n\000t\000\040\000D\000o\000c\000u\000m\000e\000n\000t\000a\000t\000i\000o\000n}{section.6.26}% 266
\BOOKMARK [3][-]{subsubsection.6.26.3.1}{\376\377\0006\000.\0002\0006\000.\0003\000.\0001\000\040\000S\000e\000g\000m\000e\000n\000t\000D\000e\000t\000e\000c\000t\000e\000d}{subsection.6.26.3}% 267
\BOOKMARK [1][-]{section.6.27}{\376\377\0006\000.\0002\0007\000\040\000R\000o\000w\000i\000n\000g\000M\000o\000n\000i\000t\000o\000r\000.\000M\000o\000d\000e\000l\000.\000U\000t\000i\000l\000.\000S\000e\000g\000m\000e\000n\000t\000H\000i\000t\000\040\000S\000t\000r\000u\000c\000t\000\040\000R\000e\000f\000e\000r\000e\000n\000c\000e}{chapter.6}% 268
\BOOKMARK [2][-]{subsection.6.27.1}{\376\377\0006\000.\0002\0007\000.\0001\000\040\000P\000r\000o\000p\000e\000r\000t\000y\000\040\000D\000o\000c\000u\000m\000e\000n\000t\000a\000t\000i\000o\000n}{section.6.27}% 269
\BOOKMARK [3][-]{subsubsection.6.27.1.1}{\376\377\0006\000.\0002\0007\000.\0001\000.\0001\000\040\000A\000b\000s\000T\000i\000m\000e\000s\000t\000a\000m\000p}{subsection.6.27.1}% 270
\BOOKMARK [3][-]{subsubsection.6.27.1.2}{\376\377\0006\000.\0002\0007\000.\0001\000.\0002\000\040\000D\000e\000t\000e\000c\000t\000i\000o\000n\000A\000b\000s\000T\000i\000m\000e\000s\000t\000a\000m\000p}{subsection.6.27.1}% 271
\BOOKMARK [3][-]{subsubsection.6.27.1.3}{\376\377\0006\000.\0002\0007\000.\0001\000.\0003\000\040\000D\000e\000t\000e\000c\000t\000i\000o\000n\000I\000n\000d\000e\000x}{subsection.6.27.1}% 272
\BOOKMARK [3][-]{subsubsection.6.27.1.4}{\376\377\0006\000.\0002\0007\000.\0001\000.\0004\000\040\000H\000i\000t\000T\000y\000p\000e}{subsection.6.27.1}% 273
\BOOKMARK [3][-]{subsubsection.6.27.1.5}{\376\377\0006\000.\0002\0007\000.\0001\000.\0005\000\040\000I\000n\000d\000e\000x}{subsection.6.27.1}% 274
\BOOKMARK [1][-]{section.6.28}{\376\377\0006\000.\0002\0008\000\040\000R\000o\000w\000i\000n\000g\000M\000o\000n\000i\000t\000o\000r\000.\000M\000o\000d\000e\000l\000.\000S\000h\000i\000f\000t\000e\000d\000F\000r\000a\000m\000e\000A\000r\000r\000i\000v\000e\000d\000E\000v\000e\000n\000t\000A\000r\000g\000s\000\040\000C\000l\000a\000s\000s\000\040\000R\000e\000f\000e\000r\000e\000n\000c\000e}{chapter.6}% 275
\BOOKMARK [2][-]{subsection.6.28.1}{\376\377\0006\000.\0002\0008\000.\0001\000\040\000D\000e\000t\000a\000i\000l\000e\000d\000\040\000D\000e\000s\000c\000r\000i\000p\000t\000i\000o\000n}{section.6.28}% 276
\BOOKMARK [2][-]{subsection.6.28.2}{\376\377\0006\000.\0002\0008\000.\0002\000\040\000C\000o\000n\000s\000t\000r\000u\000c\000t\000o\000r\000\040\000\046\000\040\000D\000e\000s\000t\000r\000u\000c\000t\000o\000r\000\040\000D\000o\000c\000u\000m\000e\000n\000t\000a\000t\000i\000o\000n}{section.6.28}% 277
\BOOKMARK [3][-]{subsubsection.6.28.2.1}{\376\377\0006\000.\0002\0008\000.\0002\000.\0001\000\040\000S\000h\000i\000f\000t\000e\000d\000F\000r\000a\000m\000e\000A\000r\000r\000i\000v\000e\000d\000E\000v\000e\000n\000t\000A\000r\000g\000s\000\050\000\051}{subsection.6.28.2}% 278
\BOOKMARK [2][-]{subsection.6.28.3}{\376\377\0006\000.\0002\0008\000.\0003\000\040\000P\000r\000o\000p\000e\000r\000t\000y\000\040\000D\000o\000c\000u\000m\000e\000n\000t\000a\000t\000i\000o\000n}{section.6.28}% 279
\BOOKMARK [3][-]{subsubsection.6.28.3.1}{\376\377\0006\000.\0002\0008\000.\0003\000.\0001\000\040\000S\000h\000i\000f\000t\000e\000d\000J\000o\000i\000n\000t\000D\000a\000t\000a}{subsection.6.28.3}% 280
\BOOKMARK [1][-]{section.6.29}{\376\377\0006\000.\0002\0009\000\040\000R\000o\000w\000i\000n\000g\000M\000o\000n\000i\000t\000o\000r\000.\000M\000o\000d\000e\000l\000.\000S\000h\000i\000f\000t\000e\000r\000\040\000C\000l\000a\000s\000s\000\040\000R\000e\000f\000e\000r\000e\000n\000c\000e}{chapter.6}% 281
\BOOKMARK [2][-]{subsection.6.29.1}{\376\377\0006\000.\0002\0009\000.\0001\000\040\000D\000e\000t\000a\000i\000l\000e\000d\000\040\000D\000e\000s\000c\000r\000i\000p\000t\000i\000o\000n}{section.6.29}% 282
\BOOKMARK [2][-]{subsection.6.29.2}{\376\377\0006\000.\0002\0009\000.\0002\000\040\000M\000e\000m\000b\000e\000r\000\040\000F\000u\000n\000c\000t\000i\000o\000n\000\040\000D\000o\000c\000u\000m\000e\000n\000t\000a\000t\000i\000o\000n}{section.6.29}% 283
\BOOKMARK [3][-]{subsubsection.6.29.2.1}{\376\377\0006\000.\0002\0009\000.\0002\000.\0001\000\040\000S\000h\000i\000f\000t\000A\000n\000d\000R\000o\000t\000a\000t\000e\000\050\000\051}{subsection.6.29.2}% 284
\BOOKMARK [3][-]{subsubsection.6.29.2.2}{\376\377\0006\000.\0002\0009\000.\0002\000.\0002\000\040\000S\000h\000i\000f\000t\000e\000d\000F\000r\000a\000m\000e\000A\000r\000r\000i\000v\000e\000d\000E\000v\000e\000n\000t\000H\000a\000n\000d\000l\000e\000r\000\050\000\051}{subsection.6.29.2}% 285
\BOOKMARK [2][-]{subsection.6.29.3}{\376\377\0006\000.\0002\0009\000.\0003\000\040\000E\000v\000e\000n\000t\000\040\000D\000o\000c\000u\000m\000e\000n\000t\000a\000t\000i\000o\000n}{section.6.29}% 286
\BOOKMARK [3][-]{subsubsection.6.29.3.1}{\376\377\0006\000.\0002\0009\000.\0003\000.\0001\000\040\000S\000h\000i\000f\000t\000e\000d\000F\000r\000a\000m\000e\000A\000r\000r\000i\000v\000e\000d}{subsection.6.29.3}% 287
\BOOKMARK [1][-]{section.6.30}{\376\377\0006\000.\0003\0000\000\040\000R\000o\000w\000i\000n\000g\000M\000o\000n\000i\000t\000o\000r\000.\000M\000o\000d\000e\000l\000.\000S\000i\000d\000e\000V\000i\000e\000w\000\040\000C\000l\000a\000s\000s\000\040\000R\000e\000f\000e\000r\000e\000n\000c\000e}{chapter.6}% 288
\BOOKMARK [2][-]{subsection.6.30.1}{\376\377\0006\000.\0003\0000\000.\0001\000\040\000C\000o\000n\000s\000t\000r\000u\000c\000t\000o\000r\000\040\000\046\000\040\000D\000e\000s\000t\000r\000u\000c\000t\000o\000r\000\040\000D\000o\000c\000u\000m\000e\000n\000t\000a\000t\000i\000o\000n}{section.6.30}% 289
\BOOKMARK [3][-]{subsubsection.6.30.1.1}{\376\377\0006\000.\0003\0000\000.\0001\000.\0001\000\040\000S\000i\000d\000e\000V\000i\000e\000w\000\050\000\051}{subsection.6.30.1}% 290
\BOOKMARK [2][-]{subsection.6.30.2}{\376\377\0006\000.\0003\0000\000.\0002\000\040\000M\000e\000m\000b\000e\000r\000\040\000F\000u\000n\000c\000t\000i\000o\000n\000\040\000D\000o\000c\000u\000m\000e\000n\000t\000a\000t\000i\000o\000n}{section.6.30}% 291
\BOOKMARK [3][-]{subsubsection.6.30.2.1}{\376\377\0006\000.\0003\0000\000.\0002\000.\0001\000\040\000U\000p\000d\000a\000t\000e\000S\000k\000e\000l\000e\000t\000o\000n\000\050\000\051}{subsection.6.30.2}% 292
\BOOKMARK [1][-]{section.6.31}{\376\377\0006\000.\0003\0001\000\040\000R\000o\000w\000i\000n\000g\000M\000o\000n\000i\000t\000o\000r\000.\000M\000o\000d\000e\000l\000.\000S\000m\000o\000o\000t\000h\000e\000d\000F\000r\000a\000m\000e\000A\000r\000r\000i\000v\000e\000d\000E\000v\000e\000n\000t\000A\000r\000g\000s\000\040\000C\000l\000a\000s\000s\000\040\000R\000e\000f\000e\000r\000e\000n\000c\000e}{chapter.6}% 293
\BOOKMARK [2][-]{subsection.6.31.1}{\376\377\0006\000.\0003\0001\000.\0001\000\040\000D\000e\000t\000a\000i\000l\000e\000d\000\040\000D\000e\000s\000c\000r\000i\000p\000t\000i\000o\000n}{section.6.31}% 294
\BOOKMARK [2][-]{subsection.6.31.2}{\376\377\0006\000.\0003\0001\000.\0002\000\040\000C\000o\000n\000s\000t\000r\000u\000c\000t\000o\000r\000\040\000\046\000\040\000D\000e\000s\000t\000r\000u\000c\000t\000o\000r\000\040\000D\000o\000c\000u\000m\000e\000n\000t\000a\000t\000i\000o\000n}{section.6.31}% 295
\BOOKMARK [3][-]{subsubsection.6.31.2.1}{\376\377\0006\000.\0003\0001\000.\0002\000.\0001\000\040\000S\000m\000o\000o\000t\000h\000e\000d\000F\000r\000a\000m\000e\000A\000r\000r\000i\000v\000e\000d\000E\000v\000e\000n\000t\000A\000r\000g\000s\000\050\000\051}{subsection.6.31.2}% 296
\BOOKMARK [2][-]{subsection.6.31.3}{\376\377\0006\000.\0003\0001\000.\0003\000\040\000P\000r\000o\000p\000e\000r\000t\000y\000\040\000D\000o\000c\000u\000m\000e\000n\000t\000a\000t\000i\000o\000n}{section.6.31}% 297
\BOOKMARK [3][-]{subsubsection.6.31.3.1}{\376\377\0006\000.\0003\0001\000.\0003\000.\0001\000\040\000R\000a\000w\000J\000o\000i\000n\000t\000D\000a\000t\000a}{subsection.6.31.3}% 298
\BOOKMARK [3][-]{subsubsection.6.31.3.2}{\376\377\0006\000.\0003\0001\000.\0003\000.\0002\000\040\000S\000m\000o\000o\000t\000h\000e\000d\000J\000o\000i\000n\000t\000D\000a\000t\000a}{subsection.6.31.3}% 299
\BOOKMARK [1][-]{section.6.32}{\376\377\0006\000.\0003\0002\000\040\000R\000o\000w\000i\000n\000g\000M\000o\000n\000i\000t\000o\000r\000.\000M\000o\000d\000e\000l\000.\000U\000t\000i\000l\000.\000S\000u\000b\000s\000e\000q\000u\000e\000n\000c\000e\000\040\000S\000t\000r\000u\000c\000t\000\040\000R\000e\000f\000e\000r\000e\000n\000c\000e}{chapter.6}% 300
\BOOKMARK [2][-]{subsection.6.32.1}{\376\377\0006\000.\0003\0002\000.\0001\000\040\000D\000e\000t\000a\000i\000l\000e\000d\000\040\000D\000e\000s\000c\000r\000i\000p\000t\000i\000o\000n}{section.6.32}% 301
\BOOKMARK [2][-]{subsection.6.32.2}{\376\377\0006\000.\0003\0002\000.\0002\000\040\000P\000r\000o\000p\000e\000r\000t\000y\000\040\000D\000o\000c\000u\000m\000e\000n\000t\000a\000t\000i\000o\000n}{section.6.32}% 302
\BOOKMARK [3][-]{subsubsection.6.32.2.1}{\376\377\0006\000.\0003\0002\000.\0002\000.\0001\000\040\000D\000i\000s\000t\000a\000n\000c\000e}{subsection.6.32.2}% 303
\BOOKMARK [3][-]{subsubsection.6.32.2.2}{\376\377\0006\000.\0003\0002\000.\0002\000.\0002\000\040\000S\000t\000a\000t\000u\000s}{subsection.6.32.2}% 304
\BOOKMARK [3][-]{subsubsection.6.32.2.3}{\376\377\0006\000.\0003\0002\000.\0002\000.\0003\000\040\000T\000D\000e\000t\000e\000c\000t\000e\000d}{subsection.6.32.2}% 305
\BOOKMARK [3][-]{subsubsection.6.32.2.4}{\376\377\0006\000.\0003\0002\000.\0002\000.\0004\000\040\000T\000E\000n\000d}{subsection.6.32.2}% 306
\BOOKMARK [3][-]{subsubsection.6.32.2.5}{\376\377\0006\000.\0003\0002\000.\0002\000.\0005\000\040\000T\000S\000t\000a\000r\000t}{subsection.6.32.2}% 307
\BOOKMARK [1][-]{section.6.33}{\376\377\0006\000.\0003\0003\000\040\000R\000o\000w\000i\000n\000g\000M\000o\000n\000i\000t\000o\000r\000.\000M\000o\000d\000e\000l\000.\000U\000t\000i\000l\000.\000S\000u\000b\000s\000e\000q\000u\000e\000n\000c\000e\000D\000T\000W\000\040\000C\000l\000a\000s\000s\000\040\000R\000e\000f\000e\000r\000e\000n\000c\000e}{chapter.6}% 308
\BOOKMARK [2][-]{subsection.6.33.1}{\376\377\0006\000.\0003\0003\000.\0001\000\040\000D\000e\000t\000a\000i\000l\000e\000d\000\040\000D\000e\000s\000c\000r\000i\000p\000t\000i\000o\000n}{section.6.33}% 309
\BOOKMARK [2][-]{subsection.6.33.2}{\376\377\0006\000.\0003\0003\000.\0002\000\040\000C\000o\000n\000s\000t\000r\000u\000c\000t\000o\000r\000\040\000\046\000\040\000D\000e\000s\000t\000r\000u\000c\000t\000o\000r\000\040\000D\000o\000c\000u\000m\000e\000n\000t\000a\000t\000i\000o\000n}{section.6.33}% 310
\BOOKMARK [3][-]{subsubsection.6.33.2.1}{\376\377\0006\000.\0003\0003\000.\0002\000.\0001\000\040\000S\000u\000b\000s\000e\000q\000u\000e\000n\000c\000e\000D\000T\000W\000\050\000\051}{subsection.6.33.2}% 311
\BOOKMARK [2][-]{subsection.6.33.3}{\376\377\0006\000.\0003\0003\000.\0003\000\040\000M\000e\000m\000b\000e\000r\000\040\000F\000u\000n\000c\000t\000i\000o\000n\000\040\000D\000o\000c\000u\000m\000e\000n\000t\000a\000t\000i\000o\000n}{section.6.33}% 312
\BOOKMARK [3][-]{subsubsection.6.33.3.1}{\376\377\0006\000.\0003\0003\000.\0003\000.\0001\000\040\000c\000o\000m\000p\000a\000r\000e\000D\000a\000t\000a\000S\000t\000r\000e\000a\000m\000\050\000\051}{subsection.6.33.3}% 313
\BOOKMARK [1][-]{section.6.34}{\376\377\0006\000.\0003\0004\000\040\000R\000o\000w\000i\000n\000g\000M\000o\000n\000i\000t\000o\000r\000.\000M\000o\000d\000e\000l\000.\000P\000i\000p\000e\000l\000i\000n\000e\000.\000K\000i\000n\000e\000c\000t\000J\000o\000i\000n\000t\000F\000i\000l\000t\000e\000r\000.\000T\000R\000A\000N\000S\000F\000O\000R\000M\000\137\000S\000M\000O\000O\000T\000H\000\137\000P\000A\000R\000A\000M\000E\000T\000E\000R\000S\000\040\000S\000t\000r\000u\000c\000t\000\040\000R\000e\000f\000e\000r\000e\000n\000c\000e}{chapter.6}% 314
\BOOKMARK [2][-]{subsection.6.34.1}{\376\377\0006\000.\0003\0004\000.\0001\000\040\000M\000e\000m\000b\000e\000r\000\040\000D\000a\000t\000a\000\040\000D\000o\000c\000u\000m\000e\000n\000t\000a\000t\000i\000o\000n}{section.6.34}% 315
\BOOKMARK [3][-]{subsubsection.6.34.1.1}{\376\377\0006\000.\0003\0004\000.\0001\000.\0001\000\040\000f\000C\000o\000r\000r\000e\000c\000t\000i\000o\000n}{subsection.6.34.1}% 316
\BOOKMARK [3][-]{subsubsection.6.34.1.2}{\376\377\0006\000.\0003\0004\000.\0001\000.\0002\000\040\000f\000J\000i\000t\000t\000e\000r\000R\000a\000d\000i\000u\000s}{subsection.6.34.1}% 317
\BOOKMARK [3][-]{subsubsection.6.34.1.3}{\376\377\0006\000.\0003\0004\000.\0001\000.\0003\000\040\000f\000M\000a\000x\000D\000e\000v\000i\000a\000t\000i\000o\000n\000R\000a\000d\000i\000u\000s}{subsection.6.34.1}% 318
\BOOKMARK [3][-]{subsubsection.6.34.1.4}{\376\377\0006\000.\0003\0004\000.\0001\000.\0004\000\040\000f\000P\000r\000e\000d\000i\000c\000t\000i\000o\000n}{subsection.6.34.1}% 319
\BOOKMARK [3][-]{subsubsection.6.34.1.5}{\376\377\0006\000.\0003\0004\000.\0001\000.\0005\000\040\000f\000S\000m\000o\000o\000t\000h\000i\000n\000g}{subsection.6.34.1}% 320
\BOOKMARK [1][-]{section.6.35}{\376\377\0006\000.\0003\0005\000\040\000R\000o\000w\000i\000n\000g\000M\000o\000n\000i\000t\000o\000r\000.\000M\000o\000d\000e\000l\000.\000V\000e\000l\000o\000c\000i\000t\000y\000C\000a\000l\000c\000u\000l\000a\000t\000o\000r\000\040\000C\000l\000a\000s\000s\000\040\000R\000e\000f\000e\000r\000e\000n\000c\000e}{chapter.6}% 321
\BOOKMARK [2][-]{subsection.6.35.1}{\376\377\0006\000.\0003\0005\000.\0001\000\040\000M\000e\000m\000b\000e\000r\000\040\000F\000u\000n\000c\000t\000i\000o\000n\000\040\000D\000o\000c\000u\000m\000e\000n\000t\000a\000t\000i\000o\000n}{section.6.35}% 322
\BOOKMARK [3][-]{subsubsection.6.35.1.1}{\376\377\0006\000.\0003\0005\000.\0001\000.\0001\000\040\000C\000a\000l\000c\000u\000l\000a\000t\000e\000d\000F\000r\000a\000m\000e\000A\000r\000r\000i\000v\000e\000d\000E\000v\000e\000n\000t\000H\000a\000n\000d\000l\000e\000r\000\050\000\051}{subsection.6.35.1}% 323
\BOOKMARK [3][-]{subsubsection.6.35.1.2}{\376\377\0006\000.\0003\0005\000.\0001\000.\0002\000\040\000C\000a\000l\000c\000u\000l\000a\000t\000e\000V\000e\000l\000o\000c\000i\000t\000y\000\050\000\051}{subsection.6.35.1}% 324
\BOOKMARK [2][-]{subsection.6.35.2}{\376\377\0006\000.\0003\0005\000.\0002\000\040\000E\000v\000e\000n\000t\000\040\000D\000o\000c\000u\000m\000e\000n\000t\000a\000t\000i\000o\000n}{section.6.35}% 325
\BOOKMARK [3][-]{subsubsection.6.35.2.1}{\376\377\0006\000.\0003\0005\000.\0002\000.\0001\000\040\000C\000a\000l\000c\000u\000l\000a\000t\000e\000d\000F\000r\000a\000m\000e\000A\000r\000r\000i\000v\000e\000d}{subsection.6.35.2}% 326
\BOOKMARK [1][-]{section.6.36}{\376\377\0006\000.\0003\0006\000\040\000R\000o\000w\000i\000n\000g\000M\000o\000n\000i\000t\000o\000r\000.\000M\000o\000d\000e\000l\000.\000P\000i\000p\000e\000l\000i\000n\000e\000.\000Z\000V\000C\000S\000e\000g\000m\000e\000n\000t\000D\000e\000t\000e\000c\000t\000o\000r\000\040\000C\000l\000a\000s\000s\000\040\000R\000e\000f\000e\000r\000e\000n\000c\000e}{chapter.6}% 327
\BOOKMARK [2][-]{subsection.6.36.1}{\376\377\0006\000.\0003\0006\000.\0001\000\040\000C\000o\000n\000s\000t\000r\000u\000c\000t\000o\000r\000\040\000\046\000\040\000D\000e\000s\000t\000r\000u\000c\000t\000o\000r\000\040\000D\000o\000c\000u\000m\000e\000n\000t\000a\000t\000i\000o\000n}{section.6.36}% 328
\BOOKMARK [3][-]{subsubsection.6.36.1.1}{\376\377\0006\000.\0003\0006\000.\0001\000.\0001\000\040\000Z\000V\000C\000S\000e\000g\000m\000e\000n\000t\000D\000e\000t\000e\000c\000t\000o\000r\000\050\000\051}{subsection.6.36.1}% 329
\BOOKMARK [2][-]{subsection.6.36.2}{\376\377\0006\000.\0003\0006\000.\0002\000\040\000M\000e\000m\000b\000e\000r\000\040\000F\000u\000n\000c\000t\000i\000o\000n\000\040\000D\000o\000c\000u\000m\000e\000n\000t\000a\000t\000i\000o\000n}{section.6.36}% 330
\BOOKMARK [3][-]{subsubsection.6.36.2.1}{\376\377\0006\000.\0003\0006\000.\0002\000.\0001\000\040\000O\000n\000S\000e\000g\000m\000e\000n\000t\000D\000e\000t\000e\000c\000t\000e\000d\000\050\000\051}{subsection.6.36.2}% 331
\BOOKMARK [3][-]{subsubsection.6.36.2.2}{\376\377\0006\000.\0003\0006\000.\0002\000.\0002\000\040\000U\000p\000d\000a\000t\000e\000\050\000\051}{subsection.6.36.2}% 332
\BOOKMARK [0][-]{chapter.7}{\376\377\0007\000\040\000F\000i\000l\000e\000\040\000D\000o\000c\000u\000m\000e\000n\000t\000a\000t\000i\000o\000n}{}% 333
\BOOKMARK [1][-]{section.7.1}{\376\377\0007\000.\0001\000\040\000A\000p\000p\000.\000x\000a\000m\000l\000.\000c\000s\000\040\000F\000i\000l\000e\000\040\000R\000e\000f\000e\000r\000e\000n\000c\000e}{chapter.7}% 334
\BOOKMARK [1][-]{section.7.2}{\376\377\0007\000.\0002\000\040\000M\000a\000i\000n\000W\000i\000n\000d\000o\000w\000.\000x\000a\000m\000l\000.\000c\000s\000\040\000F\000i\000l\000e\000\040\000R\000e\000f\000e\000r\000e\000n\000c\000e}{chapter.7}% 335
\BOOKMARK [1][-]{section.7.3}{\376\377\0007\000.\0003\000\040\000M\000o\000d\000e\000l\000/\000E\000v\000e\000n\000t\000A\000r\000g\000s\000/\000C\000a\000l\000c\000u\000l\000a\000t\000e\000d\000F\000r\000a\000m\000e\000A\000r\000r\000i\000v\000e\000d\000E\000v\000e\000n\000t\000A\000r\000g\000s\000.\000c\000s\000\040\000F\000i\000l\000e\000\040\000R\000e\000f\000e\000r\000e\000n\000c\000e}{chapter.7}% 336
\BOOKMARK [1][-]{section.7.4}{\376\377\0007\000.\0004\000\040\000M\000o\000d\000e\000l\000/\000E\000v\000e\000n\000t\000A\000r\000g\000s\000/\000C\000o\000l\000o\000r\000F\000r\000a\000m\000e\000A\000r\000r\000i\000v\000e\000d\000E\000v\000e\000n\000t\000A\000r\000g\000s\000.\000c\000s\000\040\000F\000i\000l\000e\000\040\000R\000e\000f\000e\000r\000e\000n\000c\000e}{chapter.7}% 337
\BOOKMARK [1][-]{section.7.5}{\376\377\0007\000.\0005\000\040\000M\000o\000d\000e\000l\000/\000E\000v\000e\000n\000t\000A\000r\000g\000s\000/\000K\000i\000n\000e\000c\000t\000F\000r\000a\000m\000e\000A\000r\000r\000i\000v\000e\000d\000E\000v\000e\000n\000t\000A\000r\000g\000s\000.\000c\000s\000\040\000F\000i\000l\000e\000\040\000R\000e\000f\000e\000r\000e\000n\000c\000e}{chapter.7}% 338
\BOOKMARK [1][-]{section.7.6}{\376\377\0007\000.\0006\000\040\000M\000o\000d\000e\000l\000/\000E\000v\000e\000n\000t\000A\000r\000g\000s\000/\000K\000l\000e\000s\000h\000n\000e\000v\000E\000v\000e\000n\000t\000A\000r\000g\000s\000.\000c\000s\000\040\000F\000i\000l\000e\000\040\000R\000e\000f\000e\000r\000e\000n\000c\000e}{chapter.7}% 339
\BOOKMARK [1][-]{section.7.7}{\376\377\0007\000.\0007\000\040\000M\000o\000d\000e\000l\000/\000E\000v\000e\000n\000t\000A\000r\000g\000s\000/\000S\000e\000g\000m\000e\000n\000t\000D\000e\000t\000e\000c\000t\000e\000d\000E\000v\000e\000n\000t\000A\000r\000g\000s\000.\000c\000s\000\040\000F\000i\000l\000e\000\040\000R\000e\000f\000e\000r\000e\000n\000c\000e}{chapter.7}% 340
\BOOKMARK [1][-]{section.7.8}{\376\377\0007\000.\0008\000\040\000M\000o\000d\000e\000l\000/\000E\000v\000e\000n\000t\000A\000r\000g\000s\000/\000S\000h\000i\000f\000t\000e\000d\000F\000r\000a\000m\000e\000A\000r\000r\000i\000v\000e\000d\000E\000v\000e\000n\000t\000A\000r\000g\000s\000.\000c\000s\000\040\000F\000i\000l\000e\000\040\000R\000e\000f\000e\000r\000e\000n\000c\000e}{chapter.7}% 341
\BOOKMARK [1][-]{section.7.9}{\376\377\0007\000.\0009\000\040\000M\000o\000d\000e\000l\000/\000E\000v\000e\000n\000t\000A\000r\000g\000s\000/\000S\000m\000o\000o\000t\000h\000e\000d\000F\000r\000a\000m\000e\000A\000r\000r\000i\000v\000e\000d\000E\000v\000e\000n\000t\000A\000r\000g\000s\000.\000c\000s\000\040\000F\000i\000l\000e\000\040\000R\000e\000f\000e\000r\000e\000n\000c\000e}{chapter.7}% 342
\BOOKMARK [1][-]{section.7.10}{\376\377\0007\000.\0001\0000\000\040\000M\000o\000d\000e\000l\000/\000P\000i\000p\000e\000l\000i\000n\000e\000/\000D\000T\000W\000S\000e\000g\000m\000e\000n\000t\000D\000e\000t\000e\000c\000t\000o\000r\000.\000c\000s\000\040\000F\000i\000l\000e\000\040\000R\000e\000f\000e\000r\000e\000n\000c\000e}{chapter.7}% 343
\BOOKMARK [1][-]{section.7.11}{\376\377\0007\000.\0001\0001\000\040\000M\000o\000d\000e\000l\000/\000P\000i\000p\000e\000l\000i\000n\000e\000/\000F\000r\000o\000n\000t\000a\000l\000V\000i\000e\000w\000.\000c\000s\000\040\000F\000i\000l\000e\000\040\000R\000e\000f\000e\000r\000e\000n\000c\000e}{chapter.7}% 344
\BOOKMARK [1][-]{section.7.12}{\376\377\0007\000.\0001\0002\000\040\000M\000o\000d\000e\000l\000/\000P\000i\000p\000e\000l\000i\000n\000e\000/\000K\000i\000n\000e\000c\000t\000J\000o\000i\000n\000t\000F\000i\000l\000t\000e\000r\000.\000c\000s\000\040\000F\000i\000l\000e\000\040\000R\000e\000f\000e\000r\000e\000n\000c\000e}{chapter.7}% 345
\BOOKMARK [1][-]{section.7.13}{\376\377\0007\000.\0001\0003\000\040\000M\000o\000d\000e\000l\000/\000P\000i\000p\000e\000l\000i\000n\000e\000/\000K\000i\000n\000e\000c\000t\000R\000e\000a\000d\000e\000r\000.\000c\000s\000\040\000F\000i\000l\000e\000\040\000R\000e\000f\000e\000r\000e\000n\000c\000e}{chapter.7}% 346
\BOOKMARK [1][-]{section.7.14}{\376\377\0007\000.\0001\0004\000\040\000M\000o\000d\000e\000l\000/\000P\000i\000p\000e\000l\000i\000n\000e\000/\000K\000l\000e\000s\000h\000n\000e\000v\000V\000e\000l\000o\000c\000i\000t\000y\000C\000a\000l\000c\000u\000l\000a\000t\000o\000r\000.\000c\000s\000\040\000F\000i\000l\000e\000\040\000R\000e\000f\000e\000r\000e\000n\000c\000e}{chapter.7}% 347
\BOOKMARK [1][-]{section.7.15}{\376\377\0007\000.\0001\0005\000\040\000M\000o\000d\000e\000l\000/\000P\000i\000p\000e\000l\000i\000n\000e\000/\000O\000n\000e\000E\000u\000r\000o\000F\000i\000l\000t\000e\000r\000S\000m\000o\000o\000t\000h\000i\000n\000g\000.\000c\000s\000\040\000F\000i\000l\000e\000\040\000R\000e\000f\000e\000r\000e\000n\000c\000e}{chapter.7}% 348
\BOOKMARK [1][-]{section.7.16}{\376\377\0007\000.\0001\0006\000\040\000M\000o\000d\000e\000l\000/\000P\000i\000p\000e\000l\000i\000n\000e\000/\000P\000l\000o\000t\000.\000c\000s\000\040\000F\000i\000l\000e\000\040\000R\000e\000f\000e\000r\000e\000n\000c\000e}{chapter.7}% 349
\BOOKMARK [1][-]{section.7.17}{\376\377\0007\000.\0001\0007\000\040\000M\000o\000d\000e\000l\000/\000P\000i\000p\000e\000l\000i\000n\000e\000/\000R\000o\000w\000i\000n\000g\000M\000o\000n\000i\000t\000o\000r\000P\000i\000p\000e\000l\000i\000n\000e\000.\000c\000s\000\040\000F\000i\000l\000e\000\040\000R\000e\000f\000e\000r\000e\000n\000c\000e}{chapter.7}% 350
\BOOKMARK [1][-]{section.7.18}{\376\377\0007\000.\0001\0008\000\040\000M\000o\000d\000e\000l\000/\000P\000i\000p\000e\000l\000i\000n\000e\000/\000S\000e\000g\000m\000e\000n\000t\000D\000e\000t\000e\000c\000t\000o\000r\000.\000c\000s\000\040\000F\000i\000l\000e\000\040\000R\000e\000f\000e\000r\000e\000n\000c\000e}{chapter.7}% 351
\BOOKMARK [1][-]{section.7.19}{\376\377\0007\000.\0001\0009\000\040\000M\000o\000d\000e\000l\000/\000P\000i\000p\000e\000l\000i\000n\000e\000/\000S\000h\000i\000f\000t\000e\000r\000.\000c\000s\000\040\000F\000i\000l\000e\000\040\000R\000e\000f\000e\000r\000e\000n\000c\000e}{chapter.7}% 352
\BOOKMARK [1][-]{section.7.20}{\376\377\0007\000.\0002\0000\000\040\000M\000o\000d\000e\000l\000/\000P\000i\000p\000e\000l\000i\000n\000e\000/\000S\000i\000d\000e\000V\000i\000e\000w\000.\000c\000s\000\040\000F\000i\000l\000e\000\040\000R\000e\000f\000e\000r\000e\000n\000c\000e}{chapter.7}% 353
\BOOKMARK [1][-]{section.7.21}{\376\377\0007\000.\0002\0001\000\040\000M\000o\000d\000e\000l\000/\000P\000i\000p\000e\000l\000i\000n\000e\000/\000V\000e\000l\000o\000c\000i\000t\000y\000C\000a\000l\000c\000u\000l\000a\000t\000o\000r\000.\000c\000s\000\040\000F\000i\000l\000e\000\040\000R\000e\000f\000e\000r\000e\000n\000c\000e}{chapter.7}% 354
\BOOKMARK [1][-]{section.7.22}{\376\377\0007\000.\0002\0002\000\040\000M\000o\000d\000e\000l\000/\000P\000i\000p\000e\000l\000i\000n\000e\000/\000Z\000V\000C\000S\000e\000g\000m\000e\000n\000t\000D\000e\000t\000e\000c\000t\000o\000r\000.\000c\000s\000\040\000F\000i\000l\000e\000\040\000R\000e\000f\000e\000r\000e\000n\000c\000e}{chapter.7}% 355
\BOOKMARK [1][-]{section.7.23}{\376\377\0007\000.\0002\0003\000\040\000M\000o\000d\000e\000l\000/\000U\000t\000i\000l\000/\000B\000o\000d\000y\000N\000o\000t\000F\000u\000l\000l\000y\000T\000r\000a\000c\000k\000e\000d\000E\000x\000c\000e\000p\000t\000i\000o\000n\000.\000c\000s\000\040\000F\000i\000l\000e\000\040\000R\000e\000f\000e\000r\000e\000n\000c\000e}{chapter.7}% 356
\BOOKMARK [1][-]{section.7.24}{\376\377\0007\000.\0002\0004\000\040\000M\000o\000d\000e\000l\000/\000U\000t\000i\000l\000/\000E\000n\000u\000m\000s\000.\000c\000s\000\040\000F\000i\000l\000e\000\040\000R\000e\000f\000e\000r\000e\000n\000c\000e}{chapter.7}% 357
\BOOKMARK [1][-]{section.7.25}{\376\377\0007\000.\0002\0005\000\040\000M\000o\000d\000e\000l\000/\000U\000t\000i\000l\000/\000K\000i\000n\000e\000c\000t\000D\000a\000t\000a\000H\000a\000n\000d\000l\000e\000r\000.\000c\000s\000\040\000F\000i\000l\000e\000\040\000R\000e\000f\000e\000r\000e\000n\000c\000e}{chapter.7}% 358
\BOOKMARK [1][-]{section.7.26}{\376\377\0007\000.\0002\0006\000\040\000M\000o\000d\000e\000l\000/\000U\000t\000i\000l\000/\000L\000o\000w\000P\000a\000s\000s\000F\000i\000l\000t\000e\000r\000.\000c\000s\000\040\000F\000i\000l\000e\000\040\000R\000e\000f\000e\000r\000e\000n\000c\000e}{chapter.7}% 359
\BOOKMARK [1][-]{section.7.27}{\376\377\0007\000.\0002\0007\000\040\000M\000o\000d\000e\000l\000/\000U\000t\000i\000l\000/\000R\000e\000l\000a\000y\000C\000o\000m\000m\000a\000n\000d\000.\000c\000s\000\040\000F\000i\000l\000e\000\040\000R\000e\000f\000e\000r\000e\000n\000c\000e}{chapter.7}% 360
\BOOKMARK [1][-]{section.7.28}{\376\377\0007\000.\0002\0008\000\040\000M\000o\000d\000e\000l\000/\000U\000t\000i\000l\000/\000S\000u\000b\000s\000e\000q\000u\000e\000n\000c\000e\000D\000T\000W\000.\000c\000s\000\040\000F\000i\000l\000e\000\040\000R\000e\000f\000e\000r\000e\000n\000c\000e}{chapter.7}% 361
\BOOKMARK [1][-]{section.7.29}{\376\377\0007\000.\0002\0009\000\040\000o\000b\000j\000/\000D\000e\000b\000u\000g\000/\000A\000p\000p\000.\000g\000.\000c\000s\000\040\000F\000i\000l\000e\000\040\000R\000e\000f\000e\000r\000e\000n\000c\000e}{chapter.7}% 362
\BOOKMARK [1][-]{section.7.30}{\376\377\0007\000.\0003\0000\000\040\000o\000b\000j\000/\000R\000e\000l\000e\000a\000s\000e\000/\000A\000p\000p\000.\000g\000.\000c\000s\000\040\000F\000i\000l\000e\000\040\000R\000e\000f\000e\000r\000e\000n\000c\000e}{chapter.7}% 363
\BOOKMARK [1][-]{section.7.31}{\376\377\0007\000.\0003\0001\000\040\000o\000b\000j\000/\000D\000e\000b\000u\000g\000/\000A\000p\000p\000.\000g\000.\000i\000.\000c\000s\000\040\000F\000i\000l\000e\000\040\000R\000e\000f\000e\000r\000e\000n\000c\000e}{chapter.7}% 364
\BOOKMARK [1][-]{section.7.32}{\376\377\0007\000.\0003\0002\000\040\000o\000b\000j\000/\000R\000e\000l\000e\000a\000s\000e\000/\000A\000p\000p\000.\000g\000.\000i\000.\000c\000s\000\040\000F\000i\000l\000e\000\040\000R\000e\000f\000e\000r\000e\000n\000c\000e}{chapter.7}% 365
\BOOKMARK [1][-]{section.7.33}{\376\377\0007\000.\0003\0003\000\040\000o\000b\000j\000/\000D\000e\000b\000u\000g\000/\000G\000e\000n\000e\000r\000a\000t\000e\000d\000I\000n\000t\000e\000r\000n\000a\000l\000T\000y\000p\000e\000H\000e\000l\000p\000e\000r\000.\000g\000.\000i\000.\000c\000s\000\040\000F\000i\000l\000e\000\040\000R\000e\000f\000e\000r\000e\000n\000c\000e}{chapter.7}% 366
\BOOKMARK [1][-]{section.7.34}{\376\377\0007\000.\0003\0004\000\040\000o\000b\000j\000/\000D\000e\000b\000u\000g\000/\000M\000a\000i\000n\000W\000i\000n\000d\000o\000w\000.\000g\000.\000c\000s\000\040\000F\000i\000l\000e\000\040\000R\000e\000f\000e\000r\000e\000n\000c\000e}{chapter.7}% 367
\BOOKMARK [1][-]{section.7.35}{\376\377\0007\000.\0003\0005\000\040\000o\000b\000j\000/\000R\000e\000l\000e\000a\000s\000e\000/\000M\000a\000i\000n\000W\000i\000n\000d\000o\000w\000.\000g\000.\000c\000s\000\040\000F\000i\000l\000e\000\040\000R\000e\000f\000e\000r\000e\000n\000c\000e}{chapter.7}% 368
\BOOKMARK [1][-]{section.7.36}{\376\377\0007\000.\0003\0006\000\040\000o\000b\000j\000/\000D\000e\000b\000u\000g\000/\000M\000a\000i\000n\000W\000i\000n\000d\000o\000w\000.\000g\000.\000i\000.\000c\000s\000\040\000F\000i\000l\000e\000\040\000R\000e\000f\000e\000r\000e\000n\000c\000e}{chapter.7}% 369
\BOOKMARK [1][-]{section.7.37}{\376\377\0007\000.\0003\0007\000\040\000o\000b\000j\000/\000R\000e\000l\000e\000a\000s\000e\000/\000M\000a\000i\000n\000W\000i\000n\000d\000o\000w\000.\000g\000.\000i\000.\000c\000s\000\040\000F\000i\000l\000e\000\040\000R\000e\000f\000e\000r\000e\000n\000c\000e}{chapter.7}% 370
\BOOKMARK [1][-]{section.7.38}{\376\377\0007\000.\0003\0008\000\040\000o\000b\000j\000/\000D\000e\000b\000u\000g\000/\000T\000e\000m\000p\000o\000r\000a\000r\000y\000G\000e\000n\000e\000r\000a\000t\000e\000d\000F\000i\000l\000e\000\137\0000\0003\0006\000C\0000\000B\0005\000B\000-\0001\0004\0008\0001\000-\0004\0003\0002\0003\000-\0008\000D\0002\0000\000-\0008\000F\0005\000A\000D\000C\000B\0002\0003\000D\0009\0002\000.\000c\000s\000\040\000F\000i\000l\000e\000\040\000R\000e\000f\000e\000r\000e\000n\000c\000e}{chapter.7}% 371
\BOOKMARK [1][-]{section.7.39}{\376\377\0007\000.\0003\0009\000\040\000o\000b\000j\000/\000R\000e\000l\000e\000a\000s\000e\000/\000T\000e\000m\000p\000o\000r\000a\000r\000y\000G\000e\000n\000e\000r\000a\000t\000e\000d\000F\000i\000l\000e\000\137\0000\0003\0006\000C\0000\000B\0005\000B\000-\0001\0004\0008\0001\000-\0004\0003\0002\0003\000-\0008\000D\0002\0000\000-\0008\000F\0005\000A\000D\000C\000B\0002\0003\000D\0009\0002\000.\000c\000s\000\040\000F\000i\000l\000e\000\040\000R\000e\000f\000e\000r\000e\000n\000c\000e}{chapter.7}% 372
\BOOKMARK [1][-]{section.7.40}{\376\377\0007\000.\0004\0000\000\040\000o\000b\000j\000/\000D\000e\000b\000u\000g\000/\000T\000e\000m\000p\000o\000r\000a\000r\000y\000G\000e\000n\000e\000r\000a\000t\000e\000d\000F\000i\000l\000e\000\137\0005\0009\0003\0007\000a\0006\0007\0000\000-\0000\000e\0006\0000\000-\0004\0000\0007\0007\000-\0008\0007\0007\000b\000-\000f\0007\0002\0002\0001\000d\000a\0003\000d\000d\000a\0001\000.\000c\000s\000\040\000F\000i\000l\000e\000\040\000R\000e\000f\000e\000r\000e\000n\000c\000e}{chapter.7}% 373
\BOOKMARK [1][-]{section.7.41}{\376\377\0007\000.\0004\0001\000\040\000o\000b\000j\000/\000R\000e\000l\000e\000a\000s\000e\000/\000T\000e\000m\000p\000o\000r\000a\000r\000y\000G\000e\000n\000e\000r\000a\000t\000e\000d\000F\000i\000l\000e\000\137\0005\0009\0003\0007\000a\0006\0007\0000\000-\0000\000e\0006\0000\000-\0004\0000\0007\0007\000-\0008\0007\0007\000b\000-\000f\0007\0002\0002\0001\000d\000a\0003\000d\000d\000a\0001\000.\000c\000s\000\040\000F\000i\000l\000e\000\040\000R\000e\000f\000e\000r\000e\000n\000c\000e}{chapter.7}% 374
\BOOKMARK [1][-]{section.7.42}{\376\377\0007\000.\0004\0002\000\040\000o\000b\000j\000/\000D\000e\000b\000u\000g\000/\000T\000e\000m\000p\000o\000r\000a\000r\000y\000G\000e\000n\000e\000r\000a\000t\000e\000d\000F\000i\000l\000e\000\137\000E\0007\000A\0007\0001\000F\0007\0003\000-\0000\000F\0008\000D\000-\0004\000B\0009\000B\000-\000B\0005\0006\000E\000-\0008\000E\0007\0000\000B\0001\0000\000B\000C\0005\000D\0003\000.\000c\000s\000\040\000F\000i\000l\000e\000\040\000R\000e\000f\000e\000r\000e\000n\000c\000e}{chapter.7}% 375
\BOOKMARK [1][-]{section.7.43}{\376\377\0007\000.\0004\0003\000\040\000o\000b\000j\000/\000R\000e\000l\000e\000a\000s\000e\000/\000T\000e\000m\000p\000o\000r\000a\000r\000y\000G\000e\000n\000e\000r\000a\000t\000e\000d\000F\000i\000l\000e\000\137\000E\0007\000A\0007\0001\000F\0007\0003\000-\0000\000F\0008\000D\000-\0004\000B\0009\000B\000-\000B\0005\0006\000E\000-\0008\000E\0007\0000\000B\0001\0000\000B\000C\0005\000D\0003\000.\000c\000s\000\040\000F\000i\000l\000e\000\040\000R\000e\000f\000e\000r\000e\000n\000c\000e}{chapter.7}% 376
\BOOKMARK [1][-]{section.7.44}{\376\377\0007\000.\0004\0004\000\040\000P\000r\000o\000p\000e\000r\000t\000i\000e\000s\000/\000A\000s\000s\000e\000m\000b\000l\000y\000I\000n\000f\000o\000.\000c\000s\000\040\000F\000i\000l\000e\000\040\000R\000e\000f\000e\000r\000e\000n\000c\000e}{chapter.7}% 377
\BOOKMARK [1][-]{section.7.45}{\376\377\0007\000.\0004\0005\000\040\000P\000r\000o\000p\000e\000r\000t\000i\000e\000s\000/\000R\000e\000s\000o\000u\000r\000c\000e\000s\000.\000D\000e\000s\000i\000g\000n\000e\000r\000.\000c\000s\000\040\000F\000i\000l\000e\000\040\000R\000e\000f\000e\000r\000e\000n\000c\000e}{chapter.7}% 378
\BOOKMARK [1][-]{section.7.46}{\376\377\0007\000.\0004\0006\000\040\000P\000r\000o\000p\000e\000r\000t\000i\000e\000s\000/\000S\000e\000t\000t\000i\000n\000g\000s\000.\000D\000e\000s\000i\000g\000n\000e\000r\000.\000c\000s\000\040\000F\000i\000l\000e\000\040\000R\000e\000f\000e\000r\000e\000n\000c\000e}{chapter.7}% 379
\BOOKMARK [1][-]{section.7.47}{\376\377\0007\000.\0004\0007\000\040\000V\000i\000e\000w\000M\000o\000d\000e\000l\000/\000M\000a\000i\000n\000V\000i\000e\000w\000M\000o\000d\000e\000l\000.\000c\000s\000\040\000F\000i\000l\000e\000\040\000R\000e\000f\000e\000r\000e\000n\000c\000e}{chapter.7}% 380
\BOOKMARK [0][-]{section*.183}{\376\377\000I\000n\000d\000e\000x}{}% 381
